<?xml version="1.0" encoding="UTF-8"?>
<testsuite xmlns:xsi="http://www.w3.org/2001/XMLSchema-instance" xsi:noNamespaceSchemaLocation="https://maven.apache.org/surefire/maven-surefire-plugin/xsd/surefire-test-report-3.0.xsd" version="3.0" name="com.iTunes.Runner.TestRunner" time="5.607" tests="12" errors="0" skipped="0" failures="0">
  <properties>
[...]
</properties>
  <testcase name="runScenario[&quot;Validate LookupAPI for iTunes artist ID&quot;, &quot;iTunes LookupAPI Feature&quot;](1)" classname="com.iTunes.Runner.TestRunner" time="3.017">
    <system-out><![CDATA[
@LookupAPIFeature @singleParam @singleParamLookupAPI
Scenario Outline: Validate LookupAPI for iTunes artist ID      &amp#27;[90m# features/lookupAPI.feature:14&amp#27;[0m
  &amp#27;[32mGiven &amp#27;[0m&amp#27;[32mQuery lookupAPI with single or multiple API parameters&amp#27;[0m &amp#27;[90m# com.iTunes.stepdef.LookupApiStepDef.queryLookupAPI(io.cucumber.datatable.DataTable)&amp#27;[0m
    | ParamName | ParamValue |
    | id        | 909253     |
HTTP/1.1 200 OK
x-apple-jingle-correlation-key: EEFF6XFG3PTYNAUXXG6FTOPOAQ
x-apple-request-uuid: 210a5f5c-a6db-e786-8297-b9bc59b9ee04
x-apple-translated-wo-url: /WebObjects/MZStoreServices.woa/ws/wsLookup?ParamName=ParamValue&id=909253&urlDesc=
apple-tk: false
x-b3-spanid: 09a19bc9b1c38ec7
Content-Type: text/javascript; charset=utf-8
b3: 210a5f5ca6dbe7868297b9bc59b9ee04-09a19bc9b1c38ec7
x-content-type-options: nosniff
x-b3-traceid: 210a5f5ca6dbe7868297b9bc59b9ee04
x-webobjects-loadaverage: 0
x-responding-instance: MZStoreServices:2004108:::
apple-seq: 0
content-disposition: attachment; filename=1.txt
apple-originating-system: MZStoreServices
Content-Encoding: gzip
strict-transport-security: max-age=31536000
x-apple-orig-url: https://mzstoreservices-int-st.itunes.apple.com/lookup?ParamName=ParamValue&id=909253
x-apple-application-site: ST11
apple-timing-app: 15 ms
x-apple-application-instance: 2004108
Content-Length: 203
Vary: Accept-Encoding
Cache-Control: max-age=84523
Date: Mon, 18 Sep 2023 10:35:24 GMT
X-Cache: TCP_MEM_HIT from a49-44-95-71.deploy.akamaitechnologies.com (AkamaiGHost/11.2.4.2-51256590) (-)
X-True-Cache-Key: /L/itunes.apple.com/lookup vcd=2897 ci2=ParamName=ParamValue&id=909253///
Connection: keep-alive
X-Apple-Partner: origin.0

{
    "resultCount": 1,
    "results": [
        {
            "wrapperType": "artist",
            "artistType": "Artist",
            "artistName": "Jack Johnson",
            "artistLinkUrl": "https://music.apple.com/us/artist/jack-johnson/909253?uo=4",
            "artistId": 909253,
            "amgArtistId": 468749,
            "primaryGenreName": "Rock",
            "primaryGenreId": 21
        }
    ]
}
  &amp#27;[32mThen &amp#27;[0m&amp#27;[32mvalidate LookupAPI response for &amp#27;[0m&amp#27;[32m&amp#27;[1m"resultCount"&amp#27;[0m&amp#27;[32m &amp#27;[0m&amp#27;[32m&amp#27;[1m"1"&amp#27;[0m       &amp#27;[90m# com.iTunes.stepdef.LookupApiStepDef.validateLookupApiResponse(java.lang.String,java.lang.String)&amp#27;[0m
]]></system-out>
  </testcase>
  <testcase name="runScenario[&quot;Validate LookupAPI for iTunes ID&quot;, &quot;iTunes LookupAPI Feature&quot;](2)" classname="com.iTunes.Runner.TestRunner" time="0.178">
    <system-out><![CDATA[
@LookupAPIFeature @singleParam @singleParamLookupAPI
Scenario Outline: Validate LookupAPI for iTunes ID             &amp#27;[90m# features/lookupAPI.feature:25&amp#27;[0m
  &amp#27;[32mGiven &amp#27;[0m&amp#27;[32mQuery lookupAPI with single or multiple API parameters&amp#27;[0m &amp#27;[90m# com.iTunes.stepdef.LookupApiStepDef.queryLookupAPI(io.cucumber.datatable.DataTable)&amp#27;[0m
    | ParamName | ParamValue |
    | id        | 284910350  |
HTTP/1.1 200 OK
x-apple-jingle-correlation-key: 7UQMXMAFGUEKX7QH54XMVZ26WA
x-apple-request-uuid: fd20cbb0-0535-08ab-fe07-ef2ecae75eb0
x-apple-translated-wo-url: /WebObjects/MZStoreServices.woa/ws/wsLookup?ParamName=ParamValue&id=284910350&urlDesc=
apple-tk: false
x-b3-spanid: 790a5684d6b4d7fa
Content-Type: text/javascript; charset=utf-8
b3: fd20cbb0053508abfe07ef2ecae75eb0-790a5684d6b4d7fa
x-content-type-options: nosniff
x-b3-traceid: fd20cbb0053508abfe07ef2ecae75eb0
x-webobjects-loadaverage: 0
x-responding-instance: MZStoreServices:2007325:::
apple-seq: 0
content-disposition: attachment; filename=1.txt
apple-originating-system: MZStoreServices
Content-Encoding: gzip
strict-transport-security: max-age=31536000
x-apple-orig-url: https://mzstoreservices-int-st.itunes.apple.com/lookup?ParamName=ParamValue&id=284910350
x-apple-application-site: ST11
apple-timing-app: 50 ms
x-apple-application-instance: 2007325
Content-Length: 3534
Vary: Accept-Encoding
Cache-Control: max-age=84524
Date: Mon, 18 Sep 2023 10:35:25 GMT
X-Cache: TCP_MEM_HIT from a49-44-95-71.deploy.akamaitechnologies.com (AkamaiGHost/11.2.4.2-51256590) (-)
X-True-Cache-Key: /L/itunes.apple.com/lookup vcd=2897 ci2=ParamName=ParamValue&id=284910350///
Connection: keep-alive
X-Apple-Partner: origin.0

{
    "resultCount": 1,
    "results": [
        {
            "isGameCenterEnabled": false,
            "supportedDevices": [
                "iPhone5s-iPhone5s",
                "iPadAir-iPadAir",
                "iPadAirCellular-iPadAirCellular",
                "iPadMiniRetina-iPadMiniRetina",
                "iPadMiniRetinaCellular-iPadMiniRetinaCellular",
                "iPhone6-iPhone6",
                "iPhone6Plus-iPhone6Plus",
                "iPadAir2-iPadAir2",
                "iPadAir2Cellular-iPadAir2Cellular",
                "iPadMini3-iPadMini3",
                "iPadMini3Cellular-iPadMini3Cellular",
                "iPodTouchSixthGen-iPodTouchSixthGen",
                "iPhone6s-iPhone6s",
                "iPhone6sPlus-iPhone6sPlus",
                "iPadMini4-iPadMini4",
                "iPadMini4Cellular-iPadMini4Cellular",
                "iPadPro-iPadPro",
                "iPadProCellular-iPadProCellular",
                "iPadPro97-iPadPro97",
                "iPadPro97Cellular-iPadPro97Cellular",
                "iPhoneSE-iPhoneSE",
                "iPhone7-iPhone7",
                "iPhone7Plus-iPhone7Plus",
                "iPad611-iPad611",
                "iPad612-iPad612",
                "iPad71-iPad71",
                "iPad72-iPad72",
                "iPad73-iPad73",
                "iPad74-iPad74",
                "iPhone8-iPhone8",
                "iPhone8Plus-iPhone8Plus",
                "iPhoneX-iPhoneX",
                "iPad75-iPad75",
                "iPad76-iPad76",
                "iPhoneXS-iPhoneXS",
                "iPhoneXSMax-iPhoneXSMax",
                "iPhoneXR-iPhoneXR",
                "iPad812-iPad812",
                "iPad834-iPad834",
                "iPad856-iPad856",
                "iPad878-iPad878",
                "Watch4-Watch4",
                "iPadMini5-iPadMini5",
                "iPadMini5Cellular-iPadMini5Cellular",
                "iPadAir3-iPadAir3",
                "iPadAir3Cellular-iPadAir3Cellular",
                "iPodTouchSeventhGen-iPodTouchSeventhGen",
                "iPhone11-iPhone11",
                "iPhone11Pro-iPhone11Pro",
                "iPadSeventhGen-iPadSeventhGen",
                "iPadSeventhGenCellular-iPadSeventhGenCellular",
                "iPhone11ProMax-iPhone11ProMax",
                "iPhoneSESecondGen-iPhoneSESecondGen",
                "iPadProSecondGen-iPadProSecondGen",
                "iPadProSecondGenCellular-iPadProSecondGenCellular",
                "iPadProFourthGen-iPadProFourthGen",
                "iPadProFourthGenCellular-iPadProFourthGenCellular",
                "iPhone12Mini-iPhone12Mini",
                "iPhone12-iPhone12",
                "iPhone12Pro-iPhone12Pro",
                "iPhone12ProMax-iPhone12ProMax",
                "iPadAir4-iPadAir4",
                "iPadAir4Cellular-iPadAir4Cellular",
                "iPadEighthGen-iPadEighthGen",
                "iPadEighthGenCellular-iPadEighthGenCellular",
                "iPadProThirdGen-iPadProThirdGen",
                "iPadProThirdGenCellular-iPadProThirdGenCellular",
                "iPadProFifthGen-iPadProFifthGen",
                "iPadProFifthGenCellular-iPadProFifthGenCellular",
                "iPhone13Pro-iPhone13Pro",
                "iPhone13ProMax-iPhone13ProMax",
                "iPhone13Mini-iPhone13Mini",
                "iPhone13-iPhone13",
                "iPadMiniSixthGen-iPadMiniSixthGen",
                "iPadMiniSixthGenCellular-iPadMiniSixthGenCellular",
                "iPadNinthGen-iPadNinthGen",
                "iPadNinthGenCellular-iPadNinthGenCellular",
                "iPhoneSEThirdGen-iPhoneSEThirdGen",
                "iPadAirFifthGen-iPadAirFifthGen",
                "iPadAirFifthGenCellular-iPadAirFifthGenCellular",
                "iPhone14-iPhone14",
                "iPhone14Plus-iPhone14Plus",
                "iPhone14Pro-iPhone14Pro",
                "iPhone14ProMax-iPhone14ProMax",
                "iPadTenthGen-iPadTenthGen",
                "iPadTenthGenCellular-iPadTenthGenCellular",
                "iPadPro11FourthGen-iPadPro11FourthGen",
                "iPadPro11FourthGenCellular-iPadPro11FourthGenCellular",
                "iPadProSixthGen-iPadProSixthGen",
                "iPadProSixthGenCellular-iPadProSixthGenCellular"
            ],
            "advisories": [
                "Infrequent/Mild Sexual Content and Nudity",
                "Infrequent/Mild Alcohol, Tobacco, or Drug Use or References",
                "Infrequent/Mild Mature/Suggestive Themes",
                "Infrequent/Mild Profanity or Crude Humor"
            ],
            "features": [
                "iosUniversal"
            ],
            "screenshotUrls": [
                "https://is1-ssl.mzstatic.com/image/thumb/Purple116/v4/92/c1/a5/92c1a512-6965-ab8b-5a77-dd9066336ded/2f4b4937-f6dd-49a3-8e28-5bc08bb69f99_Apple_Consumer_1.jpg/392x696bb.jpg",
                "https://is1-ssl.mzstatic.com/image/thumb/Purple126/v4/85/95/90/85959055-d069-e05a-b7c1-eb9db75549d8/b7803515-92a8-45bb-bb80-5d0d53a6f9b3_Apple_Consumer_2.jpg/392x696bb.jpg",
                "https://is1-ssl.mzstatic.com/image/thumb/Purple126/v4/2b/d5/f1/2bd5f153-b80d-d8e3-3422-b56f47d9a0c7/8f13a616-aeba-4611-b9a5-df28859d6a70_Apple_Consumer_3.jpg/392x696bb.jpg",
                "https://is1-ssl.mzstatic.com/image/thumb/Purple126/v4/1a/32/b3/1a32b3cb-93f6-e226-e1a8-2ae1d2879822/1c9eb795-d561-4ecb-a187-8b99762c7584_Apple_Consumer_4.jpg/392x696bb.jpg",
                "https://is1-ssl.mzstatic.com/image/thumb/Purple116/v4/f1/3c/1d/f13c1d16-6353-6aea-6046-a79632010199/07943257-d1eb-4366-9e17-3cc75d38ae8d_Apple_Consumer_5.jpg/392x696bb.jpg",
                "https://is1-ssl.mzstatic.com/image/thumb/Purple126/v4/10/c1/b0/10c1b0e2-8aea-2b08-9d72-0d2a07cd300b/3cf3c365-53df-4310-a045-6479a8035b1e_Apple_Consumer_6.jpg/392x696bb.jpg",
                "https://is1-ssl.mzstatic.com/image/thumb/Purple126/v4/38/4e/9c/384e9cf7-6baf-aad7-45c1-3c11764ef8f1/1572fd01-4f0f-4141-ad87-b97c0313c127_Apple_Consumer_7.jpg/392x696bb.jpg",
                "https://is1-ssl.mzstatic.com/image/thumb/Purple116/v4/5b/9a/c1/5b9ac1c2-952a-c31f-2941-25e10e7c1079/14985581-74e2-47e2-b1dd-de079c37bfe9_Apple_Consumer_8.jpg/392x696bb.jpg",
                "https://is1-ssl.mzstatic.com/image/thumb/Purple126/v4/3a/f2/63/3af263ee-056b-06bf-f90a-d471b4c83989/92ae1be9-bdf7-4f50-bf8e-9509fba6ab72_Apple_Consumer_9.jpg/392x696bb.jpg",
                "https://is1-ssl.mzstatic.com/image/thumb/Purple126/v4/00/f6/ee/00f6ee74-7bbc-73b1-d73f-67436864338d/56a1d1e4-5ff2-40ff-9cbb-ccb5df5a0ab7_Apple_Consumer_10.jpg/392x696bb.jpg"
            ],
            "ipadScreenshotUrls": [
                "https://is1-ssl.mzstatic.com/image/thumb/Purple126/v4/5c/b0/ed/5cb0eda6-03f0-4917-90ee-18f5654c651c/1ffb4029-1f50-4c37-8a1f-ec5142c53ad9_iPad_1.jpg/576x768bb.jpg",
                "https://is1-ssl.mzstatic.com/image/thumb/Purple126/v4/39/f9/33/39f933a2-0432-0242-6672-f1410d9c5ee4/4fc5a394-fd7d-45cd-b3a9-306da30f6cd8_iPad_2.jpg/576x768bb.jpg",
                "https://is1-ssl.mzstatic.com/image/thumb/Purple116/v4/1a/50/f6/1a50f699-ad13-ddef-510a-5869927af2d5/febfc3c1-0e73-4fb7-ac25-cc2c6a274de2_iPad_3.jpg/576x768bb.jpg",
                "https://is1-ssl.mzstatic.com/image/thumb/Purple116/v4/d8/55/8b/d8558bbb-a9a4-9395-dd5e-0968948a4593/c5986018-facb-4bed-bad3-ef0bd7a6627e_iPad_4.jpg/576x768bb.jpg",
                "https://is1-ssl.mzstatic.com/image/thumb/Purple116/v4/c7/bd/a3/c7bda355-4fd4-1fe3-dbb2-4a71c94a03da/9e232f44-c7b0-4fd2-98ae-c58db363b491_iPad_5.jpg/576x768bb.jpg"
            ],
            "appletvScreenshotUrls": [
                
            ],
            "artworkUrl60": "https://is1-ssl.mzstatic.com/image/thumb/Purple126/v4/50/bf/4f/50bf4f47-15fa-875c-533d-f0add3fc1555/AppIcon-1x_U007emarketing-0-7-0-85-220.png/60x60bb.jpg",
            "artworkUrl512": "https://is1-ssl.mzstatic.com/image/thumb/Purple126/v4/50/bf/4f/50bf4f47-15fa-875c-533d-f0add3fc1555/AppIcon-1x_U007emarketing-0-7-0-85-220.png/512x512bb.jpg",
            "artworkUrl100": "https://is1-ssl.mzstatic.com/image/thumb/Purple126/v4/50/bf/4f/50bf4f47-15fa-875c-533d-f0add3fc1555/AppIcon-1x_U007emarketing-0-7-0-85-220.png/100x100bb.jpg",
            "artistViewUrl": "https://apps.apple.com/us/developer/yelp/id284910353?uo=4",
            "kind": "software",
            "releaseNotes": "Minor updates and improvements, making Yelp better for you one release at a time.",
            "artistId": 284910353,
            "artistName": "Yelp",
            "genres": [
                "Food & Drink",
                "Travel"
            ],
            "price": 0.00,
            "description": "Yelp has over 199 million reviews of businesses worldwide. Whether you’re looking for a new pizza place to try, a great coffee shop nearby, or need to book a haircut, Yelp is your local guide for finding the perfect place to eat, shop, drink, explore, and relax. The Yelp app is available for iPhone, iPad, and Apple Watch.\n\nYelp features:\n\nFood Near You - Find Restaurants\n• Find the newest and hottest restaurants in your area\n• Make reservations, order delivery or pickup—all from your phone\n• Filter restaurant search results by price, location, open now, and more\n\nSearch for Nearby Businesses, Services, & Professionals\n• Discover great local businesses, from hair salons to trusted doctors and movers\n• Read millions of reviews by the Yelp community\n• Home need repairs? Find the best rated contractors and handymen\n• Find great deals offered by local businesses, get quotes instantly, and book appointments\n\nBeauty - Pamper Yourself \n• Find highly-rated salons, spas, massage therapists, and more\n• Book appointments through Yelp at the most relaxing staycation destinations\n\nSearch Filters \n• Filter your search results by neighborhood, distance, rating, price, and hours of operation\n• Look up addresses and phone numbers, call a business, or make reservations directly from the app\n\nOther Features\n• Read expert user reviews and browse through beautiful photos of each business\n• Write and read reviews, check-in to local businesses, upload photos and add tips for other Yelp users\n\nFind local restaurants, read expert customer reviews, and start searching for businesses near you with Yelp. \n\nNeed Help? Contact Yelp at https://www.yelp.com/support\nNote: Continued use of GPS running can dramatically decrease battery life.",
            "trackId": 284910350,
            "trackName": "Yelp: Food, Delivery & Reviews",
            "primaryGenreName": "Food & Drink",
            "primaryGenreId": 6023,
            "releaseDate": "2019-02-11T08:00:00Z",
            "isVppDeviceBasedLicensingEnabled": true,
            "bundleId": "com.yelp.yelpiphone",
            "genreIds": [
                "6023",
                "6003"
            ],
            "sellerName": "Yelp, Inc.",
            "currentVersionReleaseDate": "2023-09-11T13:23:09Z",
            "currency": "USD",
            "trackCensoredName": "Yelp: Food, Delivery & Reviews",
            "languageCodesISO2A": [
                "CS",
                "DA",
                "NL",
                "EN",
                "FI",
                "FR",
                "DE",
                "IT",
                "JA",
                "MS",
                "NB",
                "PL",
                "PT",
                "ZH",
                "ES",
                "SV",
                "ZH",
                "TR"
            ],
            "fileSizeBytes": "319629312",
            "sellerUrl": "http://www.yelp.com",
            "formattedPrice": "Free",
            "contentAdvisoryRating": "12+",
            "averageUserRatingForCurrentVersion": 4.3525200000000001665512172621674835681915283203125,
            "userRatingCountForCurrentVersion": 983121,
            "averageUserRating": 4.3525200000000001665512172621674835681915283203125,
            "trackViewUrl": "https://apps.apple.com/us/app/yelp-food-delivery-reviews/id284910350?uo=4",
            "trackContentRating": "12+",
            "minimumOsVersion": "15.0",
            "version": "23.37.0",
            "wrapperType": "software",
            "userRatingCount": 983121
        }
    ]
}
  &amp#27;[32mThen &amp#27;[0m&amp#27;[32mvalidate LookupAPI response for &amp#27;[0m&amp#27;[32m&amp#27;[1m"resultCount"&amp#27;[0m&amp#27;[32m &amp#27;[0m&amp#27;[32m&amp#27;[1m"1"&amp#27;[0m       &amp#27;[90m# com.iTunes.stepdef.LookupApiStepDef.validateLookupApiResponse(java.lang.String,java.lang.String)&amp#27;[0m
]]></system-out>
  </testcase>
  <testcase name="runScenario[&quot;Validate LookupAPI with AMG artist id&quot;, &quot;iTunes LookupAPI Feature&quot;](3)" classname="com.iTunes.Runner.TestRunner" time="0.125">
    <system-out><![CDATA[
@LookupAPIFeature @singleParam @singleParamLookupAPI
Scenario Outline: Validate LookupAPI with AMG artist id        &amp#27;[90m# features/lookupAPI.feature:36&amp#27;[0m
  &amp#27;[32mGiven &amp#27;[0m&amp#27;[32mQuery lookupAPI with single or multiple API parameters&amp#27;[0m &amp#27;[90m# com.iTunes.stepdef.LookupApiStepDef.queryLookupAPI(io.cucumber.datatable.DataTable)&amp#27;[0m
    | ParamName   | ParamValue |
    | amgArtistId | 468749     |
HTTP/1.1 200 OK
x-apple-jingle-correlation-key: C2DVC52YYJADLSGULJSMHUVR3E
x-apple-request-uuid: 16875177-58c2-4035-c8d4-5a64c3d2b1d9
x-apple-translated-wo-url: /WebObjects/MZStoreServices.woa/ws/wsLookup?ParamName=ParamValue&amgArtistId=468749&urlDesc=
apple-tk: false
x-b3-spanid: d2682512b0858372
Content-Type: text/javascript; charset=utf-8
b3: 1687517758c24035c8d45a64c3d2b1d9-d2682512b0858372
x-content-type-options: nosniff
x-b3-traceid: 1687517758c24035c8d45a64c3d2b1d9
x-webobjects-loadaverage: 0
x-responding-instance: MZStoreServices:2003710:::
apple-seq: 0
content-disposition: attachment; filename=1.txt
apple-originating-system: MZStoreServices
Content-Encoding: gzip
strict-transport-security: max-age=31536000
x-apple-orig-url: https://mzstoreservices-int-st.itunes.apple.com/lookup?ParamName=ParamValue&amgArtistId=468749
x-apple-application-site: ST11
apple-timing-app: 29 ms
x-apple-application-instance: 2003710
Content-Length: 203
Vary: Accept-Encoding
Cache-Control: max-age=84524
Date: Mon, 18 Sep 2023 10:35:25 GMT
X-Cache: TCP_MEM_HIT from a49-44-95-71.deploy.akamaitechnologies.com (AkamaiGHost/11.2.4.2-51256590) (-)
X-True-Cache-Key: /L/itunes.apple.com/lookup vcd=2897 ci2=ParamName=ParamValue&amgArtistId=468749///
Connection: keep-alive
X-Apple-Partner: origin.0

{
    "resultCount": 1,
    "results": [
        {
            "wrapperType": "artist",
            "artistType": "Artist",
            "artistName": "Jack Johnson",
            "artistLinkUrl": "https://music.apple.com/us/artist/jack-johnson/909253?uo=4",
            "artistId": 909253,
            "amgArtistId": 468749,
            "primaryGenreName": "Rock",
            "primaryGenreId": 21
        }
    ]
}
  &amp#27;[32mThen &amp#27;[0m&amp#27;[32mvalidate LookupAPI response for &amp#27;[0m&amp#27;[32m&amp#27;[1m"resultCount"&amp#27;[0m&amp#27;[32m &amp#27;[0m&amp#27;[32m&amp#27;[1m"1"&amp#27;[0m       &amp#27;[90m# com.iTunes.stepdef.LookupApiStepDef.validateLookupApiResponse(java.lang.String,java.lang.String)&amp#27;[0m
]]></system-out>
  </testcase>
  <testcase name="runScenario[&quot;Validate LookupAPI for multiple artists with multiple AMG artist ids&quot;, &quot;iTunes LookupAPI Feature&quot;](4)" classname="com.iTunes.Runner.TestRunner" time="0.124">
    <system-out><![CDATA[
@LookupAPIFeature @singleParam @singleParamLookupAPI
Scenario Outline: Validate LookupAPI for multiple artists with multiple AMG artist ids &amp#27;[90m# features/lookupAPI.feature:47&amp#27;[0m
  &amp#27;[32mGiven &amp#27;[0m&amp#27;[32mQuery lookupAPI with single or multiple API parameters&amp#27;[0m                         &amp#27;[90m# com.iTunes.stepdef.LookupApiStepDef.queryLookupAPI(io.cucumber.datatable.DataTable)&amp#27;[0m
    | ParamName   | ParamValue  |
    | amgArtistId | 468749,5723 |
HTTP/1.1 200 OK
x-apple-jingle-correlation-key: RFDSYB22YV4QWSUYLTNFH7OR7I
x-apple-request-uuid: 89472c07-5ac5-790b-4a98-5cda53fdd1fa
x-apple-translated-wo-url: /WebObjects/MZStoreServices.woa/ws/wsLookup?ParamName=ParamValue&amgArtistId=468749%2C5723&urlDesc=
apple-tk: false
x-b3-spanid: 8c0c4663848834e9
Content-Type: text/javascript; charset=utf-8
b3: 89472c075ac5790b4a985cda53fdd1fa-8c0c4663848834e9
x-content-type-options: nosniff
x-b3-traceid: 89472c075ac5790b4a985cda53fdd1fa
x-webobjects-loadaverage: 0
x-responding-instance: MZStoreServices:2006425:::
apple-seq: 0
content-disposition: attachment; filename=1.txt
apple-originating-system: MZStoreServices
Content-Encoding: gzip
strict-transport-security: max-age=31536000
x-apple-orig-url: https://mzstoreservices-int-st.itunes.apple.com/lookup?ParamName=ParamValue&amgArtistId=468749%2C5723
x-apple-application-site: ST11
apple-timing-app: 28 ms
x-apple-application-instance: 2006425
Content-Length: 236
Vary: Accept-Encoding
Cache-Control: max-age=84525
Date: Mon, 18 Sep 2023 10:35:25 GMT
X-Cache: TCP_MEM_HIT from a49-44-95-71.deploy.akamaitechnologies.com (AkamaiGHost/11.2.4.2-51256590) (-)
X-True-Cache-Key: /L/itunes.apple.com/lookup vcd=2897 ci2=ParamName=ParamValue&amgArtistId=468749%2C5723///
Connection: keep-alive
X-Apple-Partner: origin.0

{
    "resultCount": 2,
    "results": [
        {
            "wrapperType": "artist",
            "artistType": "Artist",
            "artistName": "Jack Johnson",
            "artistLinkUrl": "https://music.apple.com/us/artist/jack-johnson/909253?uo=4",
            "artistId": 909253,
            "amgArtistId": 468749,
            "primaryGenreName": "Rock",
            "primaryGenreId": 21
        },
        {
            "wrapperType": "artist",
            "artistType": "Artist",
            "artistName": "U2",
            "artistLinkUrl": "https://music.apple.com/us/artist/u2/78500?uo=4",
            "artistId": 78500,
            "amgArtistId": 5723,
            "primaryGenreName": "Rock",
            "primaryGenreId": 21
        }
    ]
}
  &amp#27;[32mThen &amp#27;[0m&amp#27;[32mvalidate LookupAPI response for &amp#27;[0m&amp#27;[32m&amp#27;[1m"resultCount"&amp#27;[0m&amp#27;[32m &amp#27;[0m&amp#27;[32m&amp#27;[1m"2"&amp#27;[0m                               &amp#27;[90m# com.iTunes.stepdef.LookupApiStepDef.validateLookupApiResponse(java.lang.String,java.lang.String)&amp#27;[0m
]]></system-out>
  </testcase>
  <testcase name="runScenario[&quot;Validate all albums returned by Lookup API with id, entity&quot;, &quot;iTunes LookupAPI Feature&quot;](5)" classname="com.iTunes.Runner.TestRunner" time="0.253">
    <system-out><![CDATA[
@LookupAPIFeature @multipleParams @singleParamLookupAPI
Scenario Outline: Validate all albums returned by Lookup API with id, entity &amp#27;[90m# features/lookupAPI.feature:59&amp#27;[0m
  &amp#27;[32mGiven &amp#27;[0m&amp#27;[32mQuery lookupAPI with single or multiple API parameters&amp#27;[0m               &amp#27;[90m# com.iTunes.stepdef.LookupApiStepDef.queryLookupAPI(io.cucumber.datatable.DataTable)&amp#27;[0m
    | ParamName | ParamValue |
    | id        | 909253     |
    | entity    | album      |
HTTP/1.1 200 OK
x-apple-jingle-correlation-key: WQAVZDM2ZTRTL7HH2FCLDJ5NUM
x-apple-request-uuid: b4015c8d-9acc-e335-fce7-d144b1a7ada3
x-apple-translated-wo-url: /WebObjects/MZStoreServices.woa/ws/wsLookup?ParamName=ParamValue&id=909253&entity=album&urlDesc=
apple-tk: false
x-b3-spanid: c961f97bb134b4f2
Content-Type: text/javascript; charset=utf-8
b3: b4015c8d9acce335fce7d144b1a7ada3-c961f97bb134b4f2
x-content-type-options: nosniff
x-b3-traceid: b4015c8d9acce335fce7d144b1a7ada3
x-webobjects-loadaverage: 0
x-responding-instance: MZStoreServices:4011008:::
apple-seq: 0
content-disposition: attachment; filename=1.txt
apple-originating-system: MZStoreServices
Content-Encoding: gzip
strict-transport-security: max-age=31536000
x-apple-orig-url: https://mzstoreservices-int.itunes.apple.com/lookup?ParamName=ParamValue&id=909253&entity=album
x-apple-application-site: MR22
apple-timing-app: 645 ms
x-apple-application-instance: 4011008
Content-Length: 6071
Vary: Accept-Encoding
Cache-Control: max-age=84489
Date: Mon, 18 Sep 2023 10:35:25 GMT
X-Cache: TCP_MEM_HIT from a49-44-95-71.deploy.akamaitechnologies.com (AkamaiGHost/11.2.4.2-51256590) (-)
X-True-Cache-Key: /L/itunes.apple.com/lookup vcd=2897 ci2=ParamName=ParamValue&entity=album&id=909253///
Connection: keep-alive
X-Apple-Partner: origin.0

{
    "resultCount": 46,
    "results": [
        {
            "wrapperType": "artist",
            "artistType": "Artist",
            "artistName": "Jack Johnson",
            "artistLinkUrl": "https://music.apple.com/us/artist/jack-johnson/909253?uo=4",
            "artistId": 909253,
            "amgArtistId": 468749,
            "primaryGenreName": "Rock",
            "primaryGenreId": 21
        },
        {
            "wrapperType": "collection",
            "collectionType": "Album",
            "artistId": 909253,
            "collectionId": 906900960,
            "amgArtistId": 468749,
            "artistName": "Jack Johnson",
            "collectionName": "Brushfire Fairytales (Remastered) [Bonus Version]",
            "collectionCensoredName": "Brushfire Fairytales (Remastered) [Bonus Version]",
            "artistViewUrl": "https://music.apple.com/us/artist/jack-johnson/909253?uo=4",
            "collectionViewUrl": "https://music.apple.com/us/album/brushfire-fairytales-remastered-bonus-version/906900960?uo=4",
            "artworkUrl60": "https://is1-ssl.mzstatic.com/image/thumb/Music125/v4/6c/3a/c5/6c3ac504-80fb-a60f-0f9a-09da88b6b3fc/181229100723.jpg/60x60bb.jpg",
            "artworkUrl100": "https://is1-ssl.mzstatic.com/image/thumb/Music125/v4/6c/3a/c5/6c3ac504-80fb-a60f-0f9a-09da88b6b3fc/181229100723.jpg/100x100bb.jpg",
            "collectionPrice": 9.99,
            "collectionExplicitness": "notExplicit",
            "trackCount": 15,
            "copyright": "℗ 2011 Everloving Records",
            "country": "USA",
            "currency": "USD",
            "releaseDate": "2011-04-12T07:00:00Z",
            "primaryGenreName": "Rock"
        },
        {
            "wrapperType": "collection",
            "collectionType": "Album",
            "artistId": 909253,
            "collectionId": 1440857781,
            "amgArtistId": 468749,
            "artistName": "Jack Johnson",
            "collectionName": "In Between Dreams (Bonus Track Version)",
            "collectionCensoredName": "In Between Dreams (Bonus Track Version)",
            "artistViewUrl": "https://music.apple.com/us/artist/jack-johnson/909253?uo=4",
            "collectionViewUrl": "https://music.apple.com/us/album/in-between-dreams-bonus-track-version/1440857781?uo=4",
            "artworkUrl60": "https://is1-ssl.mzstatic.com/image/thumb/Music115/v4/44/06/fd/4406fdc0-aab5-e300-82ba-3e5fe81a68a7/00602537868858.rgb.jpg/60x60bb.jpg",
            "artworkUrl100": "https://is1-ssl.mzstatic.com/image/thumb/Music115/v4/44/06/fd/4406fdc0-aab5-e300-82ba-3e5fe81a68a7/00602537868858.rgb.jpg/100x100bb.jpg",
            "collectionPrice": 9.99,
            "collectionExplicitness": "notExplicit",
            "trackCount": 16,
            "copyright": "℗ 2013 Jack Johnson",
            "country": "USA",
            "currency": "USD",
            "releaseDate": "2005-03-01T08:00:00Z",
            "primaryGenreName": "Rock"
        },
        {
            "wrapperType": "collection",
            "collectionType": "Album",
            "artistId": 909253,
            "collectionId": 1706356683,
            "amgArtistId": 468749,
            "artistName": "Jack Johnson, Paula Fuga & John Cruz",
            "collectionName": "Songs For MAUI (Live at the Maui Arts & Cultural Center, 2012)",
            "collectionCensoredName": "Songs For MAUI (Live at the Maui Arts & Cultural Center, 2012)",
            "artistViewUrl": "https://music.apple.com/us/artist/jack-johnson/909253?uo=4",
            "collectionViewUrl": "https://music.apple.com/us/album/songs-for-maui-live-at-the-maui-arts-cultural-center-2012/1706356683?uo=4",
            "artworkUrl60": "https://is1-ssl.mzstatic.com/image/thumb/Music126/v4/bb/15/59/bb15594d-6fb5-7d21-83d9-53a581b73277/23UM1IM06305.rgb.jpg/60x60bb.jpg",
            "artworkUrl100": "https://is1-ssl.mzstatic.com/image/thumb/Music126/v4/bb/15/59/bb15594d-6fb5-7d21-83d9-53a581b73277/23UM1IM06305.rgb.jpg/100x100bb.jpg",
            "collectionPrice": 9.99,
            "collectionExplicitness": "explicit",
            "contentAdvisoryRating": "Explicit",
            "trackCount": 10,
            "copyright": "℗ 2023 Jack Johnson",
            "country": "USA",
            "currency": "USD",
            "releaseDate": "2023-09-15T07:00:00Z",
            "primaryGenreName": "Singer/Songwriter"
        },
        {
            "wrapperType": "collection",
            "collectionType": "Album",
            "artistId": 909253,
            "collectionId": 1617113585,
            "amgArtistId": 468749,
            "artistName": "Jack Johnson",
            "collectionName": "Meet The Moonlight",
            "collectionCensoredName": "Meet The Moonlight",
            "artistViewUrl": "https://music.apple.com/us/artist/jack-johnson/909253?uo=4",
            "collectionViewUrl": "https://music.apple.com/us/album/meet-the-moonlight/1617113585?uo=4",
            "artworkUrl60": "https://is1-ssl.mzstatic.com/image/thumb/Music112/v4/81/35/19/813519ad-5bc1-3e5d-4240-a598e6e4e37e/22UMGIM34814.rgb.jpg/60x60bb.jpg",
            "artworkUrl100": "https://is1-ssl.mzstatic.com/image/thumb/Music112/v4/81/35/19/813519ad-5bc1-3e5d-4240-a598e6e4e37e/22UMGIM34814.rgb.jpg/100x100bb.jpg",
            "collectionPrice": 9.99,
            "collectionExplicitness": "notExplicit",
            "trackCount": 10,
            "copyright": "℗ 2022 Jack Johnson",
            "country": "USA",
            "currency": "USD",
            "releaseDate": "2022-06-24T07:00:00Z",
            "primaryGenreName": "Rock"
        },
        {
            "wrapperType": "collection",
            "collectionType": "Album",
            "artistId": 909253,
            "collectionId": 1440752312,
            "amgArtistId": 468749,
            "artistName": "Jack Johnson",
            "collectionName": "Jack Johnson & Friends - Best of Kokua Festival (A Benefit for the Kokua Hawaii Foundation)",
            "collectionCensoredName": "Jack Johnson & Friends - Best of Kokua Festival (A Benefit for the Kokua Hawaii Foundation)",
            "artistViewUrl": "https://music.apple.com/us/artist/jack-johnson/909253?uo=4",
            "collectionViewUrl": "https://music.apple.com/us/album/jack-johnson-friends-best-of-kokua-festival-a/1440752312?uo=4",
            "artworkUrl60": "https://is1-ssl.mzstatic.com/image/thumb/Music114/v4/43/d0/ba/43d0ba6b-6470-ad2d-0c84-171c1daea838/12UMGIM10699.rgb.jpg/60x60bb.jpg",
            "artworkUrl100": "https://is1-ssl.mzstatic.com/image/thumb/Music114/v4/43/d0/ba/43d0ba6b-6470-ad2d-0c84-171c1daea838/12UMGIM10699.rgb.jpg/100x100bb.jpg",
            "collectionPrice": 8.99,
            "collectionExplicitness": "notExplicit",
            "trackCount": 15,
            "copyright": "This Compilation ℗ 2012 Brushfire Records Inc",
            "country": "USA",
            "currency": "USD",
            "releaseDate": "2012-01-01T08:00:00Z",
            "primaryGenreName": "Rock"
        },
        {
            "wrapperType": "collection",
            "collectionType": "Album",
            "artistId": 909253,
            "collectionId": 1469577723,
            "amgArtistId": 468749,
            "artistName": "Jack Johnson",
            "collectionName": "Jack Johnson and Friends: Sing-A-Longs and Lullabies for the Film Curious George",
            "collectionCensoredName": "Jack Johnson and Friends: Sing-A-Longs and Lullabies for the Film Curious George",
            "artistViewUrl": "https://music.apple.com/us/artist/jack-johnson/909253?uo=4",
            "collectionViewUrl": "https://music.apple.com/us/album/jack-johnson-and-friends-sing-a-longs-and/1469577723?uo=4",
            "artworkUrl60": "https://is1-ssl.mzstatic.com/image/thumb/Music115/v4/08/11/d2/0811d2b3-b4d5-dc22-1107-3625511844b5/00602537869770.rgb.jpg/60x60bb.jpg",
            "artworkUrl100": "https://is1-ssl.mzstatic.com/image/thumb/Music115/v4/08/11/d2/0811d2b3-b4d5-dc22-1107-3625511844b5/00602537869770.rgb.jpg/100x100bb.jpg",
            "collectionPrice": 9.99,
            "collectionExplicitness": "notExplicit",
            "trackCount": 15,
            "copyright": "℗ 2014 Brushfire Records",
            "country": "USA",
            "currency": "USD",
            "releaseDate": "2006-02-07T08:00:00Z",
            "primaryGenreName": "Rock"
        },
        {
            "wrapperType": "collection",
            "collectionType": "Album",
            "artistId": 909253,
            "collectionId": 1440853796,
            "amgArtistId": 468749,
            "artistName": "Jack Johnson",
            "collectionName": "On and On",
            "collectionCensoredName": "On and On",
            "artistViewUrl": "https://music.apple.com/us/artist/jack-johnson/909253?uo=4",
            "collectionViewUrl": "https://music.apple.com/us/album/on-and-on/1440853796?uo=4",
            "artworkUrl60": "https://is1-ssl.mzstatic.com/image/thumb/Music124/v4/7b/ef/b8/7befb879-4619-8d29-0028-a4240894042d/00602537868803.rgb.jpg/60x60bb.jpg",
            "artworkUrl100": "https://is1-ssl.mzstatic.com/image/thumb/Music124/v4/7b/ef/b8/7befb879-4619-8d29-0028-a4240894042d/00602537868803.rgb.jpg/100x100bb.jpg",
            "collectionPrice": 9.99,
            "collectionExplicitness": "notExplicit",
            "trackCount": 17,
            "copyright": "℗ 2014 The Moonshine Conspiracy Records, Manufactured and Marketed by Universal Records, a Division of UMG Recordings, Inc.",
            "country": "USA",
            "currency": "USD",
            "releaseDate": "2003-05-06T07:00:00Z",
            "primaryGenreName": "Pop"
        },
        {
            "wrapperType": "collection",
            "collectionType": "Album",
            "artistId": 909253,
            "collectionId": 1440854851,
            "amgArtistId": 468749,
            "artistName": "Jack Johnson",
            "collectionName": "Sleep Through the Static",
            "collectionCensoredName": "Sleep Through the Static",
            "artistViewUrl": "https://music.apple.com/us/artist/jack-johnson/909253?uo=4",
            "collectionViewUrl": "https://music.apple.com/us/album/sleep-through-the-static/1440854851?uo=4",
            "artworkUrl60": "https://is1-ssl.mzstatic.com/image/thumb/Music115/v4/cb/62/f3/cb62f354-aee2-f04d-ef40-3573feda30d9/00602537869640.rgb.jpg/60x60bb.jpg",
            "artworkUrl100": "https://is1-ssl.mzstatic.com/image/thumb/Music115/v4/cb/62/f3/cb62f354-aee2-f04d-ef40-3573feda30d9/00602537869640.rgb.jpg/100x100bb.jpg",
            "collectionPrice": 9.99,
            "collectionExplicitness": "notExplicit",
            "trackCount": 15,
            "copyright": "℗ 2014 Jack Johnson",
            "country": "USA",
            "currency": "USD",
            "releaseDate": "2008-02-01T08:00:00Z",
            "primaryGenreName": "Rock"
        },
        {
            "wrapperType": "collection",
            "collectionType": "Album",
            "artistId": 909253,
            "collectionId": 1435611352,
            "amgArtistId": 468749,
            "artistName": "Jack Johnson",
            "collectionName": "From Here to Now to You",
            "collectionCensoredName": "From Here to Now to You",
            "artistViewUrl": "https://music.apple.com/us/artist/jack-johnson/909253?uo=4",
            "collectionViewUrl": "https://music.apple.com/us/album/from-here-to-now-to-you/1435611352?uo=4",
            "artworkUrl60": "https://is1-ssl.mzstatic.com/image/thumb/Music124/v4/2e/44/36/2e4436c8-716e-efaa-660c-1d9a5c75695c/00602577077067.rgb.jpg/60x60bb.jpg",
            "artworkUrl100": "https://is1-ssl.mzstatic.com/image/thumb/Music124/v4/2e/44/36/2e4436c8-716e-efaa-660c-1d9a5c75695c/00602577077067.rgb.jpg/100x100bb.jpg",
            "collectionPrice": 9.99,
            "collectionExplicitness": "notExplicit",
            "trackCount": 12,
            "copyright": "℗ 2013 Jack Johnson",
            "country": "USA",
            "currency": "USD",
            "releaseDate": "2013-09-17T07:00:00Z",
            "primaryGenreName": "Rock"
        },
        {
            "wrapperType": "collection",
            "collectionType": "Album",
            "artistId": 909253,
            "collectionId": 1440890871,
            "amgArtistId": 468749,
            "artistName": "Jack Johnson",
            "collectionName": "All the Light Above It Too",
            "collectionCensoredName": "All the Light Above It Too",
            "artistViewUrl": "https://music.apple.com/us/artist/jack-johnson/909253?uo=4",
            "collectionViewUrl": "https://music.apple.com/us/album/all-the-light-above-it-too/1440890871?uo=4",
            "artworkUrl60": "https://is1-ssl.mzstatic.com/image/thumb/Music114/v4/6c/e3/09/6ce3098b-f280-71ec-b890-9908547a59bd/00602557781403.rgb.jpg/60x60bb.jpg",
            "artworkUrl100": "https://is1-ssl.mzstatic.com/image/thumb/Music114/v4/6c/e3/09/6ce3098b-f280-71ec-b890-9908547a59bd/00602557781403.rgb.jpg/100x100bb.jpg",
            "collectionPrice": 10.99,
            "collectionExplicitness": "notExplicit",
            "trackCount": 10,
            "copyright": "℗ 2017 Jack Johnson",
            "country": "USA",
            "currency": "USD",
            "releaseDate": "2017-09-08T07:00:00Z",
            "primaryGenreName": "Rock"
        },
        {
            "wrapperType": "collection",
            "collectionType": "Album",
            "artistId": 909253,
            "collectionId": 1440851963,
            "amgArtistId": 468749,
            "artistName": "Jack Johnson",
            "collectionName": "To the Sea (Bonus Track Version)",
            "collectionCensoredName": "To the Sea (Bonus Track Version)",
            "artistViewUrl": "https://music.apple.com/us/artist/jack-johnson/909253?uo=4",
            "collectionViewUrl": "https://music.apple.com/us/album/to-the-sea-bonus-track-version/1440851963?uo=4",
            "artworkUrl60": "https://is1-ssl.mzstatic.com/image/thumb/Music124/v4/db/26/b8/db26b88a-7482-7ce2-39c7-11ed8bdfdcd6/00602537869671.rgb.jpg/60x60bb.jpg",
            "artworkUrl100": "https://is1-ssl.mzstatic.com/image/thumb/Music124/v4/db/26/b8/db26b88a-7482-7ce2-39c7-11ed8bdfdcd6/00602537869671.rgb.jpg/100x100bb.jpg",
            "collectionPrice": 9.99,
            "collectionExplicitness": "notExplicit",
            "trackCount": 15,
            "copyright": "℗ 2014 Jack Johnson",
            "country": "USA",
            "currency": "USD",
            "releaseDate": "2010-06-01T07:00:00Z",
            "primaryGenreName": "Rock"
        },
        {
            "wrapperType": "collection",
            "collectionType": "Album",
            "artistId": 909253,
            "collectionId": 1440851725,
            "amgArtistId": 468749,
            "artistName": "Jack Johnson",
            "collectionName": "En Concert (Live)",
            "collectionCensoredName": "En Concert (Live)",
            "artistViewUrl": "https://music.apple.com/us/artist/jack-johnson/909253?uo=4",
            "collectionViewUrl": "https://music.apple.com/us/album/en-concert-live/1440851725?uo=4",
            "artworkUrl60": "https://is1-ssl.mzstatic.com/image/thumb/Music124/v4/98/19/37/9819379c-b927-7a2c-cf92-cba64255ab4a/00602537868735.rgb.jpg/60x60bb.jpg",
            "artworkUrl100": "https://is1-ssl.mzstatic.com/image/thumb/Music124/v4/98/19/37/9819379c-b927-7a2c-cf92-cba64255ab4a/00602537868735.rgb.jpg/100x100bb.jpg",
            "collectionPrice": 10.99,
            "collectionExplicitness": "notExplicit",
            "trackCount": 20,
            "copyright": "℗ 2014 Jack Johnson",
            "country": "USA",
            "currency": "USD",
            "releaseDate": "2009-10-26T07:00:00Z",
            "primaryGenreName": "Rock"
        },
        {
            "wrapperType": "collection",
            "collectionType": "Album",
            "artistId": 909253,
            "collectionId": 1677034579,
            "amgArtistId": 468749,
            "artistName": "Jack Johnson",
            "collectionName": "In Between Dub",
            "collectionCensoredName": "In Between Dub",
            "artistViewUrl": "https://music.apple.com/us/artist/jack-johnson/909253?uo=4",
            "collectionViewUrl": "https://music.apple.com/us/album/in-between-dub/1677034579?uo=4",
            "artworkUrl60": "https://is1-ssl.mzstatic.com/image/thumb/Music116/v4/8c/52/cb/8c52cb3d-a7cf-0248-5df4-d38939cbda8b/23UMGIM25138.rgb.jpg/60x60bb.jpg",
            "artworkUrl100": "https://is1-ssl.mzstatic.com/image/thumb/Music116/v4/8c/52/cb/8c52cb3d-a7cf-0248-5df4-d38939cbda8b/23UMGIM25138.rgb.jpg/100x100bb.jpg",
            "collectionPrice": 9.99,
            "collectionExplicitness": "notExplicit",
            "trackCount": 11,
            "copyright": "℗ 2023 Jack Johnson",
            "country": "USA",
            "currency": "USD",
            "releaseDate": "2023-06-02T07:00:00Z",
            "primaryGenreName": "Reggae"
        },
        {
            "wrapperType": "collection",
            "collectionType": "Album",
            "artistId": 909253,
            "collectionId": 1440764257,
            "amgArtistId": 468749,
            "artistName": "Jack Johnson",
            "collectionName": "On and On",
            "collectionCensoredName": "On and On",
            "artistViewUrl": "https://music.apple.com/us/artist/jack-johnson/909253?uo=4",
            "collectionViewUrl": "https://music.apple.com/us/album/on-and-on/1440764257?uo=4",
            "artworkUrl60": "https://is1-ssl.mzstatic.com/image/thumb/Music124/v4/9f/ca/69/9fca6911-f826-b0c8-fcf4-9baaf12aba57/06UMGIM10865.rgb.jpg/60x60bb.jpg",
            "artworkUrl100": "https://is1-ssl.mzstatic.com/image/thumb/Music124/v4/9f/ca/69/9fca6911-f826-b0c8-fcf4-9baaf12aba57/06UMGIM10865.rgb.jpg/100x100bb.jpg",
            "collectionPrice": 9.99,
            "collectionExplicitness": "notExplicit",
            "trackCount": 16,
            "copyright": "℗ 2003 The Moonshine Conspiracy Records, Manufactured and Marketed by Universal Records, a Division of UMG Recordings, Inc.",
            "country": "USA",
            "currency": "USD",
            "releaseDate": "2003-01-01T08:00:00Z",
            "primaryGenreName": "Rock"
        },
        {
            "wrapperType": "collection",
            "collectionType": "Album",
            "artistId": 909253,
            "collectionId": 1424723863,
            "amgArtistId": 468749,
            "artistName": "Jack Johnson and Friends",
            "collectionName": "Sing-A-Longs and Lullabies for the film Curious George (Soundtrack)",
            "collectionCensoredName": "Sing-A-Longs and Lullabies for the film Curious George (Soundtrack)",
            "artistViewUrl": "https://music.apple.com/us/artist/jack-johnson/909253?uo=4",
            "collectionViewUrl": "https://music.apple.com/us/album/sing-a-longs-and-lullabies-for-the-film/1424723863?uo=4",
            "artworkUrl60": "https://is1-ssl.mzstatic.com/image/thumb/Music114/v4/a5/f5/c5/a5f5c5f7-7e91-e57e-8bb2-8542b44bc532/00602567834397.rgb.jpg/60x60bb.jpg",
            "artworkUrl100": "https://is1-ssl.mzstatic.com/image/thumb/Music114/v4/a5/f5/c5/a5f5c5f7-7e91-e57e-8bb2-8542b44bc532/00602567834397.rgb.jpg/100x100bb.jpg",
            "collectionPrice": 9.99,
            "collectionExplicitness": "notExplicit",
            "trackCount": 14,
            "copyright": "A Brushfire Records/Republic Records release; ℗ 2006 Brushfire Records",
            "country": "USA",
            "currency": "USD",
            "releaseDate": "2006-02-07T08:00:00Z",
            "primaryGenreName": "Soundtrack"
        },
        {
            "wrapperType": "collection",
            "collectionType": "Album",
            "artistId": 909253,
            "collectionId": 1440768692,
            "amgArtistId": 468749,
            "artistName": "Jack Johnson",
            "collectionName": "In Between Dreams",
            "collectionCensoredName": "In Between Dreams",
            "artistViewUrl": "https://music.apple.com/us/artist/jack-johnson/909253?uo=4",
            "collectionViewUrl": "https://music.apple.com/us/album/in-between-dreams/1440768692?uo=4",
            "artworkUrl60": "https://is1-ssl.mzstatic.com/image/thumb/Music118/v4/fb/bb/2e/fbbb2e03-6f57-46dd-f7f5-ffd46eb9ab6e/00602498800331.rgb.jpg/60x60bb.jpg",
            "artworkUrl100": "https://is1-ssl.mzstatic.com/image/thumb/Music118/v4/fb/bb/2e/fbbb2e03-6f57-46dd-f7f5-ffd46eb9ab6e/00602498800331.rgb.jpg/100x100bb.jpg",
            "collectionPrice": 9.99,
            "collectionExplicitness": "notExplicit",
            "trackCount": 14,
            "copyright": "℗ 2005 Jack Johnson",
            "country": "USA",
            "currency": "USD",
            "releaseDate": "2005-01-01T08:00:00Z",
            "primaryGenreName": "Rock"
        },
        {
            "wrapperType": "collection",
            "collectionType": "Album",
            "artistId": 909253,
            "collectionId": 1443257847,
            "amgArtistId": 468749,
            "artistName": "Jack Johnson",
            "collectionName": "Sessions@AOL - EP",
            "collectionCensoredName": "Sessions@AOL - EP",
            "artistViewUrl": "https://music.apple.com/us/artist/jack-johnson/909253?uo=4",
            "collectionViewUrl": "https://music.apple.com/us/album/sessions-aol-ep/1443257847?uo=4",
            "artworkUrl60": "https://is1-ssl.mzstatic.com/image/thumb/Music118/v4/a9/3b/f1/a93bf14a-55f8-8552-88eb-fabb3f58fb96/00602498832219.rgb.jpg/60x60bb.jpg",
            "artworkUrl100": "https://is1-ssl.mzstatic.com/image/thumb/Music118/v4/a9/3b/f1/a93bf14a-55f8-8552-88eb-fabb3f58fb96/00602498832219.rgb.jpg/100x100bb.jpg",
            "collectionPrice": 3.49,
            "collectionExplicitness": "notExplicit",
            "trackCount": 4,
            "copyright": "℗ 2005 Jack Johnson",
            "country": "USA",
            "currency": "USD",
            "releaseDate": "2005-01-01T08:00:00Z",
            "primaryGenreName": "Rock"
        },
        {
            "wrapperType": "collection",
            "collectionType": "Album",
            "artistId": 909253,
            "collectionId": 1440655454,
            "amgArtistId": 468749,
            "artistName": "Jack Johnson and Friends",
            "collectionName": "Sing-A-Longs and Lullabies for the film Curious George (Soundtrack)",
            "collectionCensoredName": "Sing-A-Longs and Lullabies for the film Curious George (Soundtrack)",
            "artistViewUrl": "https://music.apple.com/us/artist/jack-johnson/909253?uo=4",
            "collectionViewUrl": "https://music.apple.com/us/album/sing-a-longs-and-lullabies-for-the-film/1440655454?uo=4",
            "artworkUrl60": "https://is1-ssl.mzstatic.com/image/thumb/Music128/v4/9f/c0/92/9fc092cb-b8bf-5f16-eb15-9dc85ed361a0/00602498796986.rgb.jpg/60x60bb.jpg",
            "artworkUrl100": "https://is1-ssl.mzstatic.com/image/thumb/Music128/v4/9f/c0/92/9fc092cb-b8bf-5f16-eb15-9dc85ed361a0/00602498796986.rgb.jpg/100x100bb.jpg",
            "collectionPrice": 8.99,
            "collectionExplicitness": "notExplicit",
            "trackCount": 13,
            "copyright": "℗ 2005 Universal Records Inc.",
            "country": "USA",
            "currency": "USD",
            "releaseDate": "2005-01-01T08:00:00Z",
            "primaryGenreName": "Soundtrack"
        },
        {
            "wrapperType": "collection",
            "collectionType": "Album",
            "artistId": 909253,
            "collectionId": 1445828301,
            "amgArtistId": 468749,
            "artistName": "Jack Johnson",
            "collectionName": "Sleep Through the Static: Remixed",
            "collectionCensoredName": "Sleep Through the Static: Remixed",
            "artistViewUrl": "https://music.apple.com/us/artist/jack-johnson/909253?uo=4",
            "collectionViewUrl": "https://music.apple.com/us/album/sleep-through-the-static-remixed/1445828301?uo=4",
            "artworkUrl60": "https://is1-ssl.mzstatic.com/image/thumb/Music124/v4/f1/0c/a2/f10ca2be-73ac-119d-2c98-7ab7f94ec86f/00602517891203.rgb.jpg/60x60bb.jpg",
            "artworkUrl100": "https://is1-ssl.mzstatic.com/image/thumb/Music124/v4/f1/0c/a2/f10ca2be-73ac-119d-2c98-7ab7f94ec86f/00602517891203.rgb.jpg/100x100bb.jpg",
            "collectionPrice": 8.99,
            "collectionExplicitness": "notExplicit",
            "trackCount": 10,
            "copyright": "℗ 2008 Jack Johnson",
            "country": "USA",
            "currency": "USD",
            "releaseDate": "2008-01-01T08:00:00Z",
            "primaryGenreName": "Alternative"
        },
        {
            "wrapperType": "collection",
            "collectionType": "Album",
            "artistId": 909253,
            "collectionId": 1442990321,
            "amgArtistId": 468749,
            "artistName": "Jack Johnson",
            "collectionName": "From Here To Now To You Live - EP",
            "collectionCensoredName": "From Here To Now To You Live - EP",
            "artistViewUrl": "https://music.apple.com/us/artist/jack-johnson/909253?uo=4",
            "collectionViewUrl": "https://music.apple.com/us/album/from-here-to-now-to-you-live-ep/1442990321?uo=4",
            "artworkUrl60": "https://is1-ssl.mzstatic.com/image/thumb/Music113/v4/ce/a8/c5/cea8c50a-687c-317f-722a-97688f04ecbb/14UMGIM16782.rgb.jpg/60x60bb.jpg",
            "artworkUrl100": "https://is1-ssl.mzstatic.com/image/thumb/Music113/v4/ce/a8/c5/cea8c50a-687c-317f-722a-97688f04ecbb/14UMGIM16782.rgb.jpg/100x100bb.jpg",
            "collectionPrice": 3.99,
            "collectionExplicitness": "notExplicit",
            "trackCount": 6,
            "copyright": "℗ 2014 Jack Johnson",
            "country": "USA",
            "currency": "USD",
            "releaseDate": "2014-04-22T07:00:00Z",
            "primaryGenreName": "Rock"
        },
        {
            "wrapperType": "collection",
            "collectionType": "Album",
            "artistId": 909253,
            "collectionId": 1444316359,
            "amgArtistId": 468749,
            "artistName": "Jack Johnson",
            "collectionName": "In the Morning - Single",
            "collectionCensoredName": "In the Morning - Single",
            "artistViewUrl": "https://music.apple.com/us/artist/jack-johnson/909253?uo=4",
            "collectionViewUrl": "https://music.apple.com/us/album/in-the-morning-single/1444316359?uo=4",
            "artworkUrl60": "https://is1-ssl.mzstatic.com/image/thumb/Music118/v4/06/a8/32/06a8323c-18ea-01e7-4564-b6042d1c3474/00602527887722.rgb.jpg/60x60bb.jpg",
            "artworkUrl100": "https://is1-ssl.mzstatic.com/image/thumb/Music118/v4/06/a8/32/06a8323c-18ea-01e7-4564-b6042d1c3474/00602527887722.rgb.jpg/100x100bb.jpg",
            "collectionPrice": 1.29,
            "collectionExplicitness": "notExplicit",
            "trackCount": 1,
            "copyright": "℗ 2011 Brushfire Records",
            "country": "USA",
            "currency": "USD",
            "releaseDate": "2011-01-01T08:00:00Z",
            "primaryGenreName": "Holiday"
        },
        {
            "wrapperType": "collection",
            "collectionType": "Album",
            "artistId": 909253,
            "collectionId": 1445308293,
            "amgArtistId": 468749,
            "artistName": "Jack Johnson",
            "collectionName": "iTunes Festival: London 2013 - EP",
            "collectionCensoredName": "iTunes Festival: London 2013 - EP",
            "artistViewUrl": "https://music.apple.com/us/artist/jack-johnson/909253?uo=4",
            "collectionViewUrl": "https://music.apple.com/us/album/itunes-festival-london-2013-ep/1445308293?uo=4",
            "artworkUrl60": "https://is1-ssl.mzstatic.com/image/thumb/Music123/v4/c3/23/6f/c3236f02-a0b8-951a-4c1e-492ccd168ba7/13UAEIM26463.rgb.jpg/60x60bb.jpg",
            "artworkUrl100": "https://is1-ssl.mzstatic.com/image/thumb/Music123/v4/c3/23/6f/c3236f02-a0b8-951a-4c1e-492ccd168ba7/13UAEIM26463.rgb.jpg/100x100bb.jpg",
            "collectionPrice": 8.99,
            "collectionExplicitness": "notExplicit",
            "trackCount": 8,
            "copyright": "℗ 2014 Jack Johnson",
            "country": "USA",
            "currency": "USD",
            "releaseDate": "2014-01-01T08:00:00Z",
            "primaryGenreName": "Rock"
        },
        {
            "wrapperType": "collection",
            "collectionType": "Album",
            "artistId": 909253,
            "collectionId": 1442238823,
            "amgArtistId": 468749,
            "artistName": "Jack Johnson",
            "collectionName": "Sing-a-Longs and Lullabies for the Film Curious George",
            "collectionCensoredName": "Sing-a-Longs and Lullabies for the Film Curious George",
            "artistViewUrl": "https://music.apple.com/us/artist/jack-johnson/909253?uo=4",
            "collectionViewUrl": "https://music.apple.com/us/album/sing-a-longs-and-lullabies-for-the-film-curious-george/1442238823?uo=4",
            "artworkUrl60": "https://is1-ssl.mzstatic.com/image/thumb/Music118/v4/1d/22/99/1d22994e-41e9-7a45-352a-483fb0b1d027/00602498509678.rgb.jpg/60x60bb.jpg",
            "artworkUrl100": "https://is1-ssl.mzstatic.com/image/thumb/Music118/v4/1d/22/99/1d22994e-41e9-7a45-352a-483fb0b1d027/00602498509678.rgb.jpg/100x100bb.jpg",
            "collectionPrice": 9.99,
            "collectionExplicitness": "notExplicit",
            "trackCount": 14,
            "copyright": "℗ 2005 Universal Records Inc.",
            "country": "USA",
            "currency": "USD",
            "releaseDate": "2005-01-01T08:00:00Z",
            "primaryGenreName": "Soundtrack"
        },
        {
            "wrapperType": "collection",
            "collectionType": "Album",
            "artistId": 909253,
            "collectionId": 1648535546,
            "amgArtistId": 468749,
            "artistName": "Jack Johnson, Donavon Frankenreiter & G. Love",
            "collectionName": "Some Live Songs EP",
            "collectionCensoredName": "Some Live Songs EP",
            "artistViewUrl": "https://music.apple.com/us/artist/jack-johnson/909253?uo=4",
            "collectionViewUrl": "https://music.apple.com/us/album/some-live-songs-ep/1648535546?uo=4",
            "artworkUrl60": "https://is1-ssl.mzstatic.com/image/thumb/Music112/v4/65/eb/08/65eb0866-1ea0-25d0-eb66-30bc840a395c/22UM1IM12228.rgb.jpg/60x60bb.jpg",
            "artworkUrl100": "https://is1-ssl.mzstatic.com/image/thumb/Music112/v4/65/eb/08/65eb0866-1ea0-25d0-eb66-30bc840a395c/22UM1IM12228.rgb.jpg/100x100bb.jpg",
            "collectionPrice": 6.99,
            "collectionExplicitness": "notExplicit",
            "trackCount": 7,
            "copyright": "A Universal Records Release; ℗ 2004 UMG Recordings, Inc. & SRC Records Inc.",
            "country": "USA",
            "currency": "USD",
            "releaseDate": "2004-01-01T08:00:00Z",
            "primaryGenreName": "Rock"
        },
        {
            "wrapperType": "collection",
            "collectionType": "Album",
            "artistId": 909253,
            "collectionId": 1440723482,
            "amgArtistId": 468749,
            "artistName": "Jack Johnson",
            "collectionName": "On and On (Bonus Track Edition)",
            "collectionCensoredName": "On and On (Bonus Track Edition)",
            "artistViewUrl": "https://music.apple.com/us/artist/jack-johnson/909253?uo=4",
            "collectionViewUrl": "https://music.apple.com/us/album/on-and-on-bonus-track-edition/1440723482?uo=4",
            "artworkUrl60": "https://is1-ssl.mzstatic.com/image/thumb/Music118/v4/57/9a/36/579a3601-22f2-9187-a4ee-7122182e5eae/00602498070970.rgb.jpg/60x60bb.jpg",
            "artworkUrl100": "https://is1-ssl.mzstatic.com/image/thumb/Music118/v4/57/9a/36/579a3601-22f2-9187-a4ee-7122182e5eae/00602498070970.rgb.jpg/100x100bb.jpg",
            "collectionPrice": 11.99,
            "collectionExplicitness": "notExplicit",
            "trackCount": 17,
            "copyright": "℗ 2003 The Moonshine Conspiracy Records, Manufactured and Marketed by Universal Records, a Division of UMG Recordings, Inc.",
            "country": "USA",
            "currency": "USD",
            "releaseDate": "2003-01-01T08:00:00Z",
            "primaryGenreName": "Rock"
        },
        {
            "wrapperType": "collection",
            "collectionType": "Album",
            "artistId": 909253,
            "collectionId": 1445738051,
            "amgArtistId": 468749,
            "artistName": "Jack Johnson",
            "collectionName": "To the Sea",
            "collectionCensoredName": "To the Sea",
            "artistViewUrl": "https://music.apple.com/us/artist/jack-johnson/909253?uo=4",
            "collectionViewUrl": "https://music.apple.com/us/album/to-the-sea/1445738051?uo=4",
            "artworkUrl60": "https://is1-ssl.mzstatic.com/image/thumb/Music128/v4/5f/4a/44/5f4a4448-6663-e486-9abe-bbc2a8514158/00602527387932.rgb.jpg/60x60bb.jpg",
            "artworkUrl100": "https://is1-ssl.mzstatic.com/image/thumb/Music128/v4/5f/4a/44/5f4a4448-6663-e486-9abe-bbc2a8514158/00602527387932.rgb.jpg/100x100bb.jpg",
            "collectionPrice": 11.99,
            "collectionExplicitness": "notExplicit",
            "trackCount": 15,
            "copyright": "℗ 2010 Jack Johnson",
            "country": "USA",
            "currency": "USD",
            "releaseDate": "2010-01-01T08:00:00Z",
            "primaryGenreName": "Rock"
        },
        {
            "wrapperType": "collection",
            "collectionType": "Album",
            "artistId": 909253,
            "collectionId": 1444409805,
            "amgArtistId": 468749,
            "artistName": "Jack Johnson",
            "collectionName": "Wasting Time - Single",
            "collectionCensoredName": "Wasting Time - Single",
            "artistViewUrl": "https://music.apple.com/us/artist/jack-johnson/909253?uo=4",
            "collectionViewUrl": "https://music.apple.com/us/album/wasting-time-single/1444409805?uo=4",
            "artworkUrl60": "https://is1-ssl.mzstatic.com/image/thumb/Music118/v4/a6/b6/0a/a6b60ab2-37d9-53fe-7cee-3415eceaedb2/00602498430682.rgb.jpg/60x60bb.jpg",
            "artworkUrl100": "https://is1-ssl.mzstatic.com/image/thumb/Music118/v4/a6/b6/0a/a6b60ab2-37d9-53fe-7cee-3415eceaedb2/00602498430682.rgb.jpg/100x100bb.jpg",
            "collectionExplicitness": "notExplicit",
            "trackCount": 2,
            "copyright": "This Compilation ℗ 2006 Universal Music International Division, a division of Universal Music GmbH",
            "country": "USA",
            "currency": "USD",
            "releaseDate": "2006-01-01T08:00:00Z",
            "primaryGenreName": "Pop"
        },
        {
            "wrapperType": "collection",
            "collectionType": "Album",
            "artistId": 909253,
            "collectionId": 1452917060,
            "amgArtistId": 468749,
            "artistName": "Jack Johnson",
            "collectionName": "Breakdown - Single",
            "collectionCensoredName": "Breakdown - Single",
            "artistViewUrl": "https://music.apple.com/us/artist/jack-johnson/909253?uo=4",
            "collectionViewUrl": "https://music.apple.com/us/album/breakdown-single/1452917060?uo=4",
            "artworkUrl60": "https://is1-ssl.mzstatic.com/image/thumb/Music124/v4/e7/79/72/e77972ba-5d27-488b-7ad4-00101303a03d/00602577031212.rgb.jpg/60x60bb.jpg",
            "artworkUrl100": "https://is1-ssl.mzstatic.com/image/thumb/Music124/v4/e7/79/72/e77972ba-5d27-488b-7ad4-00101303a03d/00602577031212.rgb.jpg/100x100bb.jpg",
            "collectionPrice": 2.99,
            "collectionExplicitness": "notExplicit",
            "trackCount": 3,
            "copyright": "A Republic Records Release; ℗ 2005 UMG Recordings, Inc.",
            "country": "USA",
            "currency": "USD",
            "releaseDate": "2005-09-12T07:00:00Z",
            "primaryGenreName": "Rock"
        },
        {
            "wrapperType": "collection",
            "collectionType": "Album",
            "artistId": 909253,
            "collectionId": 1542691845,
            "amgArtistId": 468749,
            "artistName": "Jack Johnson",
            "collectionName": "The Captain Is Drunk - Single",
            "collectionCensoredName": "The Captain Is Drunk - Single",
            "artistViewUrl": "https://music.apple.com/us/artist/jack-johnson/909253?uo=4",
            "collectionViewUrl": "https://music.apple.com/us/album/the-captain-is-drunk-single/1542691845?uo=4",
            "artworkUrl60": "https://is1-ssl.mzstatic.com/image/thumb/Music125/v4/3b/91/f2/3b91f2c8-2b03-2ccf-34dd-0d8494be8bfc/20UM1IM09606.rgb.jpg/60x60bb.jpg",
            "artworkUrl100": "https://is1-ssl.mzstatic.com/image/thumb/Music125/v4/3b/91/f2/3b91f2c8-2b03-2ccf-34dd-0d8494be8bfc/20UM1IM09606.rgb.jpg/100x100bb.jpg",
            "collectionPrice": 1.29,
            "collectionExplicitness": "notExplicit",
            "trackCount": 1,
            "copyright": "℗ 2020 Jack Johnson",
            "country": "USA",
            "currency": "USD",
            "releaseDate": "2020-12-04T08:00:00Z",
            "primaryGenreName": "Singer/Songwriter"
        },
        {
            "wrapperType": "collection",
            "collectionType": "Album",
            "artistId": 79223185,
            "collectionId": 1445304981,
            "amgArtistId": 649174,
            "artistName": "Zach Gill & Jack Johnson",
            "collectionName": "Family - Single",
            "collectionCensoredName": "Family - Single",
            "artistViewUrl": "https://music.apple.com/us/artist/zach-gill/79223185?uo=4",
            "collectionViewUrl": "https://music.apple.com/us/album/family-single/1445304981?uo=4",
            "artworkUrl60": "https://is1-ssl.mzstatic.com/image/thumb/Music118/v4/01/ce/15/01ce1548-edbe-d9eb-8b02-50b376032620/00602517730939.rgb.jpg/60x60bb.jpg",
            "artworkUrl100": "https://is1-ssl.mzstatic.com/image/thumb/Music118/v4/01/ce/15/01ce1548-edbe-d9eb-8b02-50b376032620/00602517730939.rgb.jpg/100x100bb.jpg",
            "collectionPrice": 2.28,
            "collectionExplicitness": "notExplicit",
            "trackCount": 2,
            "copyright": "A Universal Music Enterprises Release; ℗ 2008 UMG Recordings, Inc.",
            "country": "USA",
            "currency": "USD",
            "releaseDate": "2008-01-01T08:00:00Z",
            "primaryGenreName": "Rock"
        },
        {
            "wrapperType": "collection",
            "collectionType": "Album",
            "artistId": 611146795,
            "collectionId": 1533482688,
            "amgArtistId": 2863420,
            "artistName": "Milky Chance & Jack Johnson",
            "collectionName": "Don't Let Me Down (Poolside Remix) - Single",
            "collectionCensoredName": "Don't Let Me Down (Poolside Remix) - Single",
            "artistViewUrl": "https://music.apple.com/us/artist/milky-chance/611146795?uo=4",
            "collectionViewUrl": "https://music.apple.com/us/album/dont-let-me-down-poolside-remix-single/1533482688?uo=4",
            "artworkUrl60": "https://is1-ssl.mzstatic.com/image/thumb/Music114/v4/10/4d/f7/104df716-d4af-c6b8-0bd6-f581f473ea22/4050538649796.jpg/60x60bb.jpg",
            "artworkUrl100": "https://is1-ssl.mzstatic.com/image/thumb/Music114/v4/10/4d/f7/104df716-d4af-c6b8-0bd6-f581f473ea22/4050538649796.jpg/100x100bb.jpg",
            "collectionPrice": 1.29,
            "collectionExplicitness": "notExplicit",
            "trackCount": 1,
            "copyright": "℗ 2020 Muggelig Records GmbH under exclusive license to BMG Rights Management (US) LLC",
            "country": "USA",
            "currency": "USD",
            "releaseDate": "2020-10-16T07:00:00Z",
            "primaryGenreName": "Electronic"
        },
        {
            "wrapperType": "collection",
            "collectionType": "Album",
            "artistId": 611146795,
            "collectionId": 1509557361,
            "amgArtistId": 2863420,
            "artistName": "Milky Chance & Jack Johnson",
            "collectionName": "Don't Let Me Down - Single",
            "collectionCensoredName": "Don't Let Me Down - Single",
            "artistViewUrl": "https://music.apple.com/us/artist/milky-chance/611146795?uo=4",
            "collectionViewUrl": "https://music.apple.com/us/album/dont-let-me-down-single/1509557361?uo=4",
            "artworkUrl60": "https://is1-ssl.mzstatic.com/image/thumb/Music115/v4/5f/22/f6/5f22f67d-4ff5-c62d-7a82-6d77fd23044d/4050538616453.jpg/60x60bb.jpg",
            "artworkUrl100": "https://is1-ssl.mzstatic.com/image/thumb/Music115/v4/5f/22/f6/5f22f67d-4ff5-c62d-7a82-6d77fd23044d/4050538616453.jpg/100x100bb.jpg",
            "collectionPrice": 1.29,
            "collectionExplicitness": "notExplicit",
            "trackCount": 1,
            "copyright": "℗ 2020 Muggelig Records GmbH under exclusive license to BMG Rights Management (US) LLC",
            "country": "USA",
            "currency": "USD",
            "releaseDate": "2020-05-01T07:00:00Z",
            "primaryGenreName": "Alternative"
        },
        {
            "wrapperType": "collection",
            "collectionType": "Album",
            "artistId": 909253,
            "collectionId": 1650825833,
            "amgArtistId": 468749,
            "artistName": "Jack Johnson",
            "collectionName": "Sunsets For Somebody Else & Big Sur (Brasil Versions) [feat. Rogê] - Single",
            "collectionCensoredName": "Sunsets For Somebody Else & Big Sur (Brasil Versions) [feat. Rogê] - Single",
            "artistViewUrl": "https://music.apple.com/us/artist/jack-johnson/909253?uo=4",
            "collectionViewUrl": "https://music.apple.com/us/album/sunsets-for-somebody-else-big-sur-brasil-versions-feat/1650825833?uo=4",
            "artworkUrl60": "https://is1-ssl.mzstatic.com/image/thumb/Music112/v4/d0/b8/7c/d0b87c66-6a3b-11af-e644-a4521955347a/22UM1IM21293.rgb.jpg/60x60bb.jpg",
            "artworkUrl100": "https://is1-ssl.mzstatic.com/image/thumb/Music112/v4/d0/b8/7c/d0b87c66-6a3b-11af-e644-a4521955347a/22UM1IM21293.rgb.jpg/100x100bb.jpg",
            "collectionPrice": 1.99,
            "collectionExplicitness": "notExplicit",
            "trackCount": 2,
            "copyright": "℗ 2022 Jack Johnson",
            "country": "USA",
            "currency": "USD",
            "releaseDate": "2022-10-28T07:00:00Z",
            "primaryGenreName": "Rock"
        },
        {
            "wrapperType": "collection",
            "collectionType": "Album",
            "artistId": 259716390,
            "collectionId": 1435555662,
            "amgArtistId": 900799,
            "artistName": "John Craigie",
            "collectionName": "I Wrote Mr. Tambourine Man (Live) [feat. Jack Johnson] - Single",
            "collectionCensoredName": "I Wrote Mr. Tambourine Man (Live) [feat. Jack Johnson] - Single",
            "artistViewUrl": "https://music.apple.com/us/artist/john-craigie/259716390?uo=4",
            "collectionViewUrl": "https://music.apple.com/us/album/i-wrote-mr-tambourine-man-live-feat-jack-johnson-single/1435555662?uo=4",
            "artworkUrl60": "https://is1-ssl.mzstatic.com/image/thumb/Music128/v4/dd/8a/e6/dd8ae6d7-c1d4-6243-cfc0-399a2a925fbc/193436021036_01_img001.jpg/60x60bb.jpg",
            "artworkUrl100": "https://is1-ssl.mzstatic.com/image/thumb/Music128/v4/dd/8a/e6/dd8ae6d7-c1d4-6243-cfc0-399a2a925fbc/193436021036_01_img001.jpg/100x100bb.jpg",
            "collectionPrice": 0.99,
            "collectionExplicitness": "explicit",
            "contentAdvisoryRating": "Explicit",
            "trackCount": 1,
            "copyright": "℗ 2018 Zabriskie Point Records",
            "country": "USA",
            "currency": "USD",
            "releaseDate": "2018-09-28T07:00:00Z",
            "primaryGenreName": "Folk"
        },
        {
            "wrapperType": "collection",
            "collectionType": "Album",
            "artistId": 909253,
            "collectionId": 1671079489,
            "amgArtistId": 468749,
            "artistName": "Jack Johnson & Lee \"Scratch\" Perry",
            "collectionName": "Traffic In The Sky (Lee \"Scratch\" Perry x Subatomic Sound System Dubs) - Single",
            "collectionCensoredName": "Traffic In The Sky (Lee \"Scratch\" Perry x Subatomic Sound System Dubs) - Single",
            "artistViewUrl": "https://music.apple.com/us/artist/jack-johnson/909253?uo=4",
            "collectionViewUrl": "https://music.apple.com/us/album/traffic-in-the-sky-lee-scratch-perry-x-subatomic/1671079489?uo=4",
            "artworkUrl60": "https://is1-ssl.mzstatic.com/image/thumb/Music126/v4/c4/0e/ce/c40eceae-0181-2a32-05b8-79b18d62201f/23UMGIM13114.rgb.jpg/60x60bb.jpg",
            "artworkUrl100": "https://is1-ssl.mzstatic.com/image/thumb/Music126/v4/c4/0e/ce/c40eceae-0181-2a32-05b8-79b18d62201f/23UMGIM13114.rgb.jpg/100x100bb.jpg",
            "collectionPrice": 1.99,
            "collectionExplicitness": "notExplicit",
            "trackCount": 2,
            "copyright": "℗ 2023 Jack Johnson",
            "country": "USA",
            "currency": "USD",
            "releaseDate": "2023-02-21T08:00:00Z",
            "primaryGenreName": "Reggae"
        },
        {
            "wrapperType": "collection",
            "collectionType": "Album",
            "artistId": 272783448,
            "collectionId": 663930937,
            "artistName": "Manuel Garcia, Silvia Tómas, Jack Johnson & Paula Fuga",
            "collectionName": "Farewell (From \"El Mar, Mi Alma\") - Single",
            "collectionCensoredName": "Farewell (From \"El Mar, Mi Alma\") - Single",
            "artistViewUrl": "https://books.apple.com/us/author/manuel-garcia/id272783448?uo=4",
            "collectionViewUrl": "https://music.apple.com/us/album/farewell-from-el-mar-mi-alma-single/663930937?uo=4",
            "artworkUrl60": "https://is1-ssl.mzstatic.com/image/thumb/Music124/v4/f7/74/4d/f7744d3a-e3fe-c39d-d211-f718e456be5f/859710219239_cover.jpg/60x60bb.jpg",
            "artworkUrl100": "https://is1-ssl.mzstatic.com/image/thumb/Music124/v4/f7/74/4d/f7744d3a-e3fe-c39d-d211-f718e456be5f/859710219239_cover.jpg/100x100bb.jpg",
            "collectionPrice": 0.99,
            "collectionExplicitness": "notExplicit",
            "trackCount": 1,
            "copyright": "℗ 2013 Rebel Waltz Films",
            "country": "USA",
            "currency": "USD",
            "releaseDate": "2013-04-02T07:00:00Z",
            "primaryGenreName": "Soundtrack"
        },
        {
            "wrapperType": "collection",
            "collectionType": "Album",
            "artistId": 909253,
            "collectionId": 1452917636,
            "amgArtistId": 468749,
            "artistName": "Jack Johnson",
            "collectionName": "Upside Down - Single",
            "collectionCensoredName": "Upside Down - Single",
            "artistViewUrl": "https://music.apple.com/us/artist/jack-johnson/909253?uo=4",
            "collectionViewUrl": "https://music.apple.com/us/album/upside-down-single/1452917636?uo=4",
            "artworkUrl60": "https://is1-ssl.mzstatic.com/image/thumb/Music114/v4/8e/82/87/8e828758-8f39-195f-999a-c18db8f464f0/00602577028595.rgb.jpg/60x60bb.jpg",
            "artworkUrl100": "https://is1-ssl.mzstatic.com/image/thumb/Music114/v4/8e/82/87/8e828758-8f39-195f-999a-c18db8f464f0/00602577028595.rgb.jpg/100x100bb.jpg",
            "collectionPrice": 2.99,
            "collectionExplicitness": "notExplicit",
            "trackCount": 3,
            "copyright": "A Republic Records release; ℗ 2006 UMG Recordings, Inc.",
            "country": "USA",
            "currency": "USD",
            "releaseDate": "2006-02-24T08:00:00Z",
            "primaryGenreName": "Pop"
        },
        {
            "wrapperType": "collection",
            "collectionType": "Album",
            "artistId": 909253,
            "collectionId": 1444849318,
            "amgArtistId": 468749,
            "artistName": "Jack Johnson",
            "collectionName": "At or With Me (Born Weakling Remix) - Single",
            "collectionCensoredName": "At or With Me (Born Weakling Remix) - Single",
            "artistViewUrl": "https://music.apple.com/us/artist/jack-johnson/909253?uo=4",
            "collectionViewUrl": "https://music.apple.com/us/album/at-or-with-me-born-weakling-remix-single/1444849318?uo=4",
            "artworkUrl60": "https://is1-ssl.mzstatic.com/image/thumb/Music118/v4/cd/cd/24/cdcd24da-6720-0d26-80ef-a3c26e4d2d97/00602527499239.rgb.jpg/60x60bb.jpg",
            "artworkUrl100": "https://is1-ssl.mzstatic.com/image/thumb/Music118/v4/cd/cd/24/cdcd24da-6720-0d26-80ef-a3c26e4d2d97/00602527499239.rgb.jpg/100x100bb.jpg",
            "collectionPrice": 0.99,
            "collectionExplicitness": "notExplicit",
            "trackCount": 1,
            "copyright": "℗ 2010 Jack Johnson",
            "country": "USA",
            "currency": "USD",
            "releaseDate": "2010-01-01T08:00:00Z",
            "primaryGenreName": "Rock"
        },
        {
            "wrapperType": "collection",
            "collectionType": "Album",
            "artistId": 66834334,
            "collectionId": 525958892,
            "amgArtistId": 97745,
            "artistName": "Ted Lennon",
            "collectionName": "So in Love (Acoustic Remix) [feat. Jack Johnson & Colbie Caillat] - Single",
            "collectionCensoredName": "So in Love (Acoustic Remix) [feat. Jack Johnson & Colbie Caillat] - Single",
            "artistViewUrl": "https://music.apple.com/us/artist/ted-lennon/66834334?uo=4",
            "collectionViewUrl": "https://music.apple.com/us/album/so-in-love-acoustic-remix-feat-jack-johnson-colbie/525958892?uo=4",
            "artworkUrl60": "https://is1-ssl.mzstatic.com/image/thumb/Music/v4/a7/07/ca/a707ca75-3eb8-2699-5c93-8ca8597600e8/885767054639.jpg/60x60bb.jpg",
            "artworkUrl100": "https://is1-ssl.mzstatic.com/image/thumb/Music/v4/a7/07/ca/a707ca75-3eb8-2699-5c93-8ca8597600e8/885767054639.jpg/100x100bb.jpg",
            "collectionPrice": 0.99,
            "collectionExplicitness": "notExplicit",
            "trackCount": 1,
            "copyright": "℗ 2012 Ted Lennon",
            "country": "USA",
            "currency": "USD",
            "releaseDate": "2012-05-11T07:00:00Z",
            "primaryGenreName": "Pop"
        },
        {
            "wrapperType": "collection",
            "collectionType": "Album",
            "artistId": 909253,
            "collectionId": 772111884,
            "amgArtistId": 468749,
            "artistName": "Jack Johnson & The Roots",
            "collectionName": "Rudolph the Red Nosed Reindeer (Live from Late Night with Jimmy Fallon) - Single",
            "collectionCensoredName": "Rudolph the Red Nosed Reindeer (Live from Late Night with Jimmy Fallon) - Single",
            "artistViewUrl": "https://music.apple.com/us/artist/jack-johnson/909253?uo=4",
            "collectionViewUrl": "https://music.apple.com/us/album/rudolph-the-red-nosed-reindeer-live-from-late-night/772111884?uo=4",
            "artworkUrl60": "https://is1-ssl.mzstatic.com/image/thumb/Music/v4/f0/16/a2/f016a29e-a74f-2601-fd76-2ff533d64b64/859711667695_cover.tif/60x60bb.jpg",
            "artworkUrl100": "https://is1-ssl.mzstatic.com/image/thumb/Music/v4/f0/16/a2/f016a29e-a74f-2601-fd76-2ff533d64b64/859711667695_cover.tif/100x100bb.jpg",
            "collectionPrice": 0.99,
            "collectionExplicitness": "notExplicit",
            "trackCount": 1,
            "copyright": "℗ 2013 Brushfire Records",
            "country": "USA",
            "currency": "USD",
            "releaseDate": "2013-12-10T08:00:00Z",
            "primaryGenreName": "Holiday"
        },
        {
            "wrapperType": "collection",
            "collectionType": "Album",
            "artistId": 909253,
            "collectionId": 1370657288,
            "amgArtistId": 468749,
            "artistName": "Jack Johnson",
            "collectionName": "Willie Got Me Stoned (Live) - Single",
            "collectionCensoredName": "Willie Got Me Stoned (Live) - Single",
            "artistViewUrl": "https://music.apple.com/us/artist/jack-johnson/909253?uo=4",
            "collectionViewUrl": "https://music.apple.com/us/album/willie-got-me-stoned-live-single/1370657288?uo=4",
            "artworkUrl60": "https://is1-ssl.mzstatic.com/image/thumb/Music128/v4/6c/25/6d/6c256dca-cf3c-7b02-b748-a3186ae850e2/00602567646648.rgb.jpg/60x60bb.jpg",
            "artworkUrl100": "https://is1-ssl.mzstatic.com/image/thumb/Music128/v4/6c/25/6d/6c256dca-cf3c-7b02-b748-a3186ae850e2/00602567646648.rgb.jpg/100x100bb.jpg",
            "collectionPrice": 1.29,
            "collectionExplicitness": "notExplicit",
            "trackCount": 1,
            "copyright": "℗ 2018 Jack Johnson",
            "country": "USA",
            "currency": "USD",
            "releaseDate": "2018-04-20T07:00:00Z",
            "primaryGenreName": "Singer/Songwriter"
        },
        {
            "wrapperType": "collection",
            "collectionType": "Album",
            "artistId": 909253,
            "collectionId": 1445305965,
            "amgArtistId": 468749,
            "artistName": "Jack Johnson",
            "collectionName": "Seasick Dream - Single",
            "collectionCensoredName": "Seasick Dream - Single",
            "artistViewUrl": "https://music.apple.com/us/artist/jack-johnson/909253?uo=4",
            "collectionViewUrl": "https://music.apple.com/us/album/seasick-dream-single/1445305965?uo=4",
            "artworkUrl60": "https://is1-ssl.mzstatic.com/image/thumb/Music124/v4/22/98/8f/22988f6d-4996-48cc-925e-766eda3373e2/00602547731401.rgb.jpg/60x60bb.jpg",
            "artworkUrl100": "https://is1-ssl.mzstatic.com/image/thumb/Music124/v4/22/98/8f/22988f6d-4996-48cc-925e-766eda3373e2/00602547731401.rgb.jpg/100x100bb.jpg",
            "collectionPrice": 1.29,
            "collectionExplicitness": "notExplicit",
            "trackCount": 1,
            "copyright": "℗ 2015 Jack Johnson",
            "country": "USA",
            "currency": "USD",
            "releaseDate": "2015-12-01T08:00:00Z",
            "primaryGenreName": "Singer/Songwriter"
[...]
            "previewUrl": "https://audio-ssl.itunes.apple.com/itunes-assets/AudioPreview112/v4/e8/46/1d/e8461dc5-da56-ddd3-0d83-61c11d9b0731/mzaf_16656373832505162632.plus.aac.p.m4a",
            "artworkUrl30": "https://is1-ssl.mzstatic.com/image/thumb/Music113/v4/98/ef/02/98ef026e-7d73-f8ce-90d0-b41371ad20aa/16UMGIM52970.rgb.jpg/30x30bb.jpg",
            "artworkUrl60": "https://is1-ssl.mzstatic.com/image/thumb/Music113/v4/98/ef/02/98ef026e-7d73-f8ce-90d0-b41371ad20aa/16UMGIM52970.rgb.jpg/60x60bb.jpg",
            "artworkUrl100": "https://is1-ssl.mzstatic.com/image/thumb/Music113/v4/98/ef/02/98ef026e-7d73-f8ce-90d0-b41371ad20aa/16UMGIM52970.rgb.jpg/100x100bb.jpg",
            "collectionPrice": 14.99,
            "trackPrice": 1.29,
            "releaseDate": "1994-05-10T12:00:00Z",
            "collectionExplicitness": "notExplicit",
            "trackExplicitness": "notExplicit",
            "discCount": 2,
            "discNumber": 2,
            "trackCount": 14,
            "trackNumber": 11,
            "trackTimeMillis": 347693,
            "country": "USA",
            "currency": "USD",
            "primaryGenreName": "Rock",
            "isStreamable": true
        },
        {
            "wrapperType": "track",
            "kind": "song",
            "artistId": 115234,
            "collectionId": 1440869641,
            "trackId": 1440870027,
            "artistName": "Weezer",
            "collectionName": "Weezer (Deluxe Edition)",
            "trackName": "Lullabye For Wayne",
            "collectionCensoredName": "Weezer (Deluxe Edition)",
            "trackCensoredName": "Lullabye For Wayne (Pre-Production Recording)",
            "artistViewUrl": "https://music.apple.com/us/artist/weezer/115234?uo=4",
            "collectionViewUrl": "https://music.apple.com/us/album/lullabye-for-wayne-pre-production-recording/1440869641?i=1440870027&uo=4",
            "trackViewUrl": "https://music.apple.com/us/album/lullabye-for-wayne-pre-production-recording/1440869641?i=1440870027&uo=4",
            "previewUrl": "https://audio-ssl.itunes.apple.com/itunes-assets/AudioPreview112/v4/1a/86/f0/1a86f0fe-d5ac-4121-4adb-34a121dcddf8/mzaf_4076654139355681195.plus.aac.p.m4a",
            "artworkUrl30": "https://is1-ssl.mzstatic.com/image/thumb/Music113/v4/98/ef/02/98ef026e-7d73-f8ce-90d0-b41371ad20aa/16UMGIM52970.rgb.jpg/30x30bb.jpg",
            "artworkUrl60": "https://is1-ssl.mzstatic.com/image/thumb/Music113/v4/98/ef/02/98ef026e-7d73-f8ce-90d0-b41371ad20aa/16UMGIM52970.rgb.jpg/60x60bb.jpg",
            "artworkUrl100": "https://is1-ssl.mzstatic.com/image/thumb/Music113/v4/98/ef/02/98ef026e-7d73-f8ce-90d0-b41371ad20aa/16UMGIM52970.rgb.jpg/100x100bb.jpg",
            "collectionPrice": 14.99,
            "trackPrice": 1.29,
            "releaseDate": "1994-05-10T12:00:00Z",
            "collectionExplicitness": "notExplicit",
            "trackExplicitness": "notExplicit",
            "discCount": 2,
            "discNumber": 2,
            "trackCount": 14,
            "trackNumber": 12,
            "trackTimeMillis": 216147,
            "country": "USA",
            "currency": "USD",
            "primaryGenreName": "Rock",
            "isStreamable": true
        },
        {
            "wrapperType": "track",
            "kind": "song",
            "artistId": 115234,
            "collectionId": 1440869641,
            "trackId": 1440870038,
            "artistName": "Weezer",
            "collectionName": "Weezer (Deluxe Edition)",
            "trackName": "I Swear It's True",
            "collectionCensoredName": "Weezer (Deluxe Edition)",
            "trackCensoredName": "I Swear It's True (Pre-Production Recording)",
            "artistViewUrl": "https://music.apple.com/us/artist/weezer/115234?uo=4",
            "collectionViewUrl": "https://music.apple.com/us/album/i-swear-its-true-pre-production-recording/1440869641?i=1440870038&uo=4",
            "trackViewUrl": "https://music.apple.com/us/album/i-swear-its-true-pre-production-recording/1440869641?i=1440870038&uo=4",
            "previewUrl": "https://audio-ssl.itunes.apple.com/itunes-assets/AudioPreview122/v4/f4/92/de/f492def7-c96d-41d0-926d-1427803e357c/mzaf_6796327352780700417.plus.aac.p.m4a",
            "artworkUrl30": "https://is1-ssl.mzstatic.com/image/thumb/Music113/v4/98/ef/02/98ef026e-7d73-f8ce-90d0-b41371ad20aa/16UMGIM52970.rgb.jpg/30x30bb.jpg",
            "artworkUrl60": "https://is1-ssl.mzstatic.com/image/thumb/Music113/v4/98/ef/02/98ef026e-7d73-f8ce-90d0-b41371ad20aa/16UMGIM52970.rgb.jpg/60x60bb.jpg",
            "artworkUrl100": "https://is1-ssl.mzstatic.com/image/thumb/Music113/v4/98/ef/02/98ef026e-7d73-f8ce-90d0-b41371ad20aa/16UMGIM52970.rgb.jpg/100x100bb.jpg",
            "collectionPrice": 14.99,
            "trackPrice": 1.29,
            "releaseDate": "1994-05-10T12:00:00Z",
            "collectionExplicitness": "notExplicit",
            "trackExplicitness": "notExplicit",
            "discCount": 2,
            "discNumber": 2,
            "trackCount": 14,
            "trackNumber": 13,
            "trackTimeMillis": 177147,
            "country": "USA",
            "currency": "USD",
            "primaryGenreName": "Rock",
            "isStreamable": true
        },
        {
            "wrapperType": "track",
            "kind": "song",
            "artistId": 115234,
            "collectionId": 1440869641,
            "trackId": 1440870181,
            "artistName": "Weezer",
            "collectionName": "Weezer (Deluxe Edition)",
            "trackName": "Say It Ain't So",
            "collectionCensoredName": "Weezer (Deluxe Edition)",
            "trackCensoredName": "Say It Ain't So",
            "artistViewUrl": "https://music.apple.com/us/artist/weezer/115234?uo=4",
            "collectionViewUrl": "https://music.apple.com/us/album/say-it-aint-so/1440869641?i=1440870181&uo=4",
            "trackViewUrl": "https://music.apple.com/us/album/say-it-aint-so/1440869641?i=1440870181&uo=4",
            "previewUrl": "https://audio-ssl.itunes.apple.com/itunes-assets/AudioPreview112/v4/05/78/6d/05786dcc-7222-8173-1ef8-57a6b4c5b697/mzaf_9950026752551332456.plus.aac.p.m4a",
            "artworkUrl30": "https://is1-ssl.mzstatic.com/image/thumb/Music113/v4/98/ef/02/98ef026e-7d73-f8ce-90d0-b41371ad20aa/16UMGIM52970.rgb.jpg/30x30bb.jpg",
            "artworkUrl60": "https://is1-ssl.mzstatic.com/image/thumb/Music113/v4/98/ef/02/98ef026e-7d73-f8ce-90d0-b41371ad20aa/16UMGIM52970.rgb.jpg/60x60bb.jpg",
            "artworkUrl100": "https://is1-ssl.mzstatic.com/image/thumb/Music113/v4/98/ef/02/98ef026e-7d73-f8ce-90d0-b41371ad20aa/16UMGIM52970.rgb.jpg/100x100bb.jpg",
            "collectionPrice": 14.99,
            "trackPrice": 1.29,
            "releaseDate": "1994-05-10T12:00:00Z",
            "collectionExplicitness": "notExplicit",
            "trackExplicitness": "notExplicit",
            "discCount": 2,
            "discNumber": 2,
            "trackCount": 14,
            "trackNumber": 14,
            "trackTimeMillis": 256880,
            "country": "USA",
            "currency": "USD",
            "primaryGenreName": "Pop",
            "isStreamable": true
        }
    ]
}
  &amp#27;[32mThen &amp#27;[0m&amp#27;[32mvalidate LookupAPI response for &amp#27;[0m&amp#27;[32m&amp#27;[1m"resultCount"&amp#27;[0m&amp#27;[32m &amp#27;[0m&amp#27;[32m&amp#27;[1m"36"&amp#27;[0m                                      &amp#27;[90m# com.iTunes.stepdef.LookupApiStepDef.validateLookupApiResponse(java.lang.String,java.lang.String)&amp#27;[0m
]]></system-out>
  </testcase>
  <testcase name="runScenario[&quot;Validate album returned by LookupAPI with AMG Album ID&quot;, &quot;iTunes LookupAPI Feature&quot;](10)" classname="com.iTunes.Runner.TestRunner" time="0.135">
    <system-out><![CDATA[
@LookupAPIFeature @singleParam @singleParamLookupAPI
Scenario Outline: Validate album returned by LookupAPI with AMG Album ID &amp#27;[90m# features/lookupAPI.feature:120&amp#27;[0m
  &amp#27;[32mGiven &amp#27;[0m&amp#27;[32mQuery lookupAPI with single or multiple API parameters&amp#27;[0m           &amp#27;[90m# com.iTunes.stepdef.LookupApiStepDef.queryLookupAPI(io.cucumber.datatable.DataTable)&amp#27;[0m
    | ParamName  | ParamValue                                                             |
    | amgAlbumId | 15175,15176,15177,15178,15183,15184,15187,1519,15191,15195,15197,15198 |
HTTP/1.1 200 OK
x-apple-jingle-correlation-key: YD7PQD4MYRBBXWHWBFE2OLHPKE
x-apple-request-uuid: c0fef80f-8cc4-421b-d8f6-0949a72cef51
x-apple-translated-wo-url: /WebObjects/MZStoreServices.woa/ws/wsLookup?ParamName=ParamValue&amgAlbumId=15175%2C15176%2C15177%2C15178%2C15183%2C15184%2C15187%2C1519%2C15191%2C15195%2C15197%2C15198&urlDesc=
apple-tk: false
x-b3-spanid: 9d6d869f4dde2b6b
Content-Type: text/javascript; charset=utf-8
b3: c0fef80f8cc4421bd8f60949a72cef51-9d6d869f4dde2b6b
x-content-type-options: nosniff
x-b3-traceid: c0fef80f8cc4421bd8f60949a72cef51
x-webobjects-loadaverage: 0
x-responding-instance: MZStoreServices:2006617:::
apple-seq: 0
content-disposition: attachment; filename=1.txt
apple-originating-system: MZStoreServices
Content-Encoding: gzip
strict-transport-security: max-age=31536000
x-apple-orig-url: https://mzstoreservices-int-st.itunes.apple.com/lookup?ParamName=ParamValue&amgAlbumId=15175%2C15176%2C15177%2C15178%2C15183%2C15184%2C15187%2C1519%2C15191%2C15195%2C15197%2C15198
x-apple-application-site: ST11
apple-timing-app: 181 ms
x-apple-application-instance: 2006617
Content-Length: 666
Vary: Accept-Encoding
Cache-Control: max-age=84528
Date: Mon, 18 Sep 2023 10:35:26 GMT
X-Cache: TCP_MEM_HIT from a49-44-95-71.deploy.akamaitechnologies.com (AkamaiGHost/11.2.4.2-51256590) (-)
X-True-Cache-Key: /L/itunes.apple.com/lookup vcd=2897 ci2=ParamName=ParamValue&amgAlbumId=15175%2C15176%2C15177%2C15178%2C15183%2C15184%2C15187%2C1519%2C15191%2C15195%2C15197%2C15198///
Connection: keep-alive
X-Apple-Partner: origin.0

{
    "resultCount": 2,
    "results": [
        {
            "wrapperType": "collection",
            "collectionType": "Album",
            "artistId": 2541832,
            "collectionId": 1459409129,
            "amgArtistId": 5141,
            "artistName": "Pianosaurus",
            "collectionName": "Groovy Neighborhood",
            "collectionCensoredName": "Groovy Neighborhood",
            "artistViewUrl": "https://music.apple.com/us/artist/pianosaurus/2541832?uo=4",
            "collectionViewUrl": "https://music.apple.com/us/album/groovy-neighborhood/1459409129?uo=4",
            "artworkUrl60": "https://is1-ssl.mzstatic.com/image/thumb/Music113/v4/7f/5f/5a/7f5f5a4d-2242-8230-b51d-c6167bc4e0c8/00888072093508.rgb.jpg/60x60bb.jpg",
            "artworkUrl100": "https://is1-ssl.mzstatic.com/image/thumb/Music113/v4/7f/5f/5a/7f5f5a4d-2242-8230-b51d-c6167bc4e0c8/00888072093508.rgb.jpg/100x100bb.jpg",
            "collectionPrice": 9.99,
            "collectionExplicitness": "notExplicit",
            "trackCount": 17,
            "copyright": "℗ 1987 Rounder Records, a division of Concord Music Group, Inc.",
            "country": "USA",
            "currency": "USD",
            "releaseDate": "1987-01-01T08:00:00Z",
            "primaryGenreName": "Pop"
        },
        {
            "wrapperType": "collection",
            "collectionType": "Album",
            "artistId": 577675,
            "collectionId": 265615609,
            "amgArtistId": 5142,
            "artistName": "Wilson Pickett",
            "collectionName": "Hey Jude",
            "collectionCensoredName": "Hey Jude",
            "artistViewUrl": "https://music.apple.com/us/artist/wilson-pickett/577675?uo=4",
            "collectionViewUrl": "https://music.apple.com/us/album/hey-jude/265615609?uo=4",
            "artworkUrl60": "https://is1-ssl.mzstatic.com/image/thumb/Music/79/b3/3f/mzi.asgqsmzl.jpg/60x60bb.jpg",
            "artworkUrl100": "https://is1-ssl.mzstatic.com/image/thumb/Music/79/b3/3f/mzi.asgqsmzl.jpg/100x100bb.jpg",
            "collectionPrice": 9.99,
            "collectionExplicitness": "notExplicit",
            "trackCount": 11,
            "copyright": "℗ 1969 Atlantic Records Corporation",
            "country": "USA",
            "currency": "USD",
            "releaseDate": "2007-10-16T07:00:00Z",
            "primaryGenreName": "R&B/Soul"
        }
    ]
}
  &amp#27;[32mThen &amp#27;[0m&amp#27;[32mvalidate LookupAPI response for &amp#27;[0m&amp#27;[32m&amp#27;[1m"resultCount"&amp#27;[0m&amp#27;[32m &amp#27;[0m&amp#27;[32m&amp#27;[1m"2"&amp#27;[0m                 &amp#27;[90m# com.iTunes.stepdef.LookupApiStepDef.validateLookupApiResponse(java.lang.String,java.lang.String)&amp#27;[0m
]]></system-out>
  </testcase>
  <testcase name="runScenario[&quot;Validate Movie returned by LookupAPI with videoid&quot;, &quot;iTunes LookupAPI Feature&quot;](11)" classname="com.iTunes.Runner.TestRunner" time="0.107">
    <system-out><![CDATA[
@LookupAPIFeature @singleParam @singleParamLookupAPI
Scenario Outline: Validate Movie returned by LookupAPI with videoid &amp#27;[90m# features/lookupAPI.feature:131&amp#27;[0m
  &amp#27;[32mGiven &amp#27;[0m&amp#27;[32mQuery lookupAPI with single or multiple API parameters&amp#27;[0m      &amp#27;[90m# com.iTunes.stepdef.LookupApiStepDef.queryLookupAPI(io.cucumber.datatable.DataTable)&amp#27;[0m
    | ParamName  | ParamValue |
    | amgVideoId | 17120      |
HTTP/1.1 200 OK
x-apple-jingle-correlation-key: QG5USNY365VIQYYAWZJQ2DAH6M
x-apple-request-uuid: 81bb4937-1bf7-6a88-6300-b6530d0c07f3
x-apple-translated-wo-url: /WebObjects/MZStoreServices.woa/ws/wsLookup?ParamName=ParamValue&amgVideoId=17120&urlDesc=
apple-tk: false
x-b3-spanid: 5240b0683867092d
Content-Type: text/javascript; charset=utf-8
b3: 81bb49371bf76a886300b6530d0c07f3-5240b0683867092d
x-content-type-options: nosniff
x-b3-traceid: 81bb49371bf76a886300b6530d0c07f3
x-webobjects-loadaverage: 0
x-responding-instance: MZStoreServices:2003306:::
apple-seq: 0
content-disposition: attachment; filename=1.txt
apple-originating-system: MZStoreServices
Content-Encoding: gzip
strict-transport-security: max-age=31536000
x-apple-orig-url: https://mzstoreservices-int-st.itunes.apple.com/lookup?ParamName=ParamValue&amgVideoId=17120
x-apple-application-site: ST11
apple-timing-app: 12 ms
x-apple-application-instance: 2003306
Content-Length: 55
Vary: Accept-Encoding
Cache-Control: max-age=84476
Date: Mon, 18 Sep 2023 10:35:26 GMT
X-Cache: TCP_MEM_HIT from a49-44-95-71.deploy.akamaitechnologies.com (AkamaiGHost/11.2.4.2-51256590) (-)
X-True-Cache-Key: /L/itunes.apple.com/lookup vcd=2897 ci2=ParamName=ParamValue&amgVideoId=17120///
Connection: keep-alive
X-Apple-Partner: origin.0

{
    "resultCount": 0,
    "results": [
        
    ]
}
  &amp#27;[32mThen &amp#27;[0m&amp#27;[32mvalidate LookupAPI response for &amp#27;[0m&amp#27;[32m&amp#27;[1m"resultCount"&amp#27;[0m&amp#27;[32m &amp#27;[0m&amp#27;[32m&amp#27;[1m"0"&amp#27;[0m            &amp#27;[90m# com.iTunes.stepdef.LookupApiStepDef.validateLookupApiResponse(java.lang.String,java.lang.String)&amp#27;[0m
]]></system-out>
  </testcase>
  <testcase name="runScenario[&quot;Validate book returned by LookupAPI with isbn&quot;, &quot;iTunes LookupAPI Feature&quot;](12)" classname="com.iTunes.Runner.TestRunner" time="0.116">
    <system-out><![CDATA[
@LookupAPIFeature @singleParam @singleParamLookupAPI
Scenario Outline: Validate book returned by LookupAPI with isbn &amp#27;[90m# features/lookupAPI.feature:142&amp#27;[0m
  &amp#27;[32mGiven &amp#27;[0m&amp#27;[32mQuery lookupAPI with single or multiple API parameters&amp#27;[0m  &amp#27;[90m# com.iTunes.stepdef.LookupApiStepDef.queryLookupAPI(io.cucumber.datatable.DataTable)&amp#27;[0m
    | ParamName | ParamValue    |
    | isbn      | 9780316069359 |
HTTP/1.1 200 OK
x-apple-jingle-correlation-key: 5JNEC4I7SBFUG6Q6MHNVRHYQOM
x-apple-request-uuid: ea5a4171-1f90-4b43-7a1e-61db589f1073
x-apple-translated-wo-url: /WebObjects/MZStoreServices.woa/ws/wsLookup?ParamName=ParamValue&isbn=9780316069359&urlDesc=
apple-tk: false
x-b3-spanid: 7a0560ac093d4ed5
Content-Type: text/javascript; charset=utf-8
b3: ea5a41711f904b437a1e61db589f1073-7a0560ac093d4ed5
x-content-type-options: nosniff
x-b3-traceid: ea5a41711f904b437a1e61db589f1073
x-webobjects-loadaverage: 0
x-responding-instance: MZStoreServices:2006317:::
apple-seq: 0
content-disposition: attachment; filename=1.txt
apple-originating-system: MZStoreServices
Content-Encoding: gzip
strict-transport-security: max-age=31536000
x-apple-orig-url: https://mzstoreservices-int-st.itunes.apple.com/lookup?ParamName=ParamValue&isbn=9780316069359
x-apple-application-site: ST11
apple-timing-app: 20 ms
x-apple-application-instance: 2006317
Content-Length: 1113
Vary: Accept-Encoding
Cache-Control: max-age=84533
Date: Mon, 18 Sep 2023 10:35:26 GMT
X-Cache: TCP_MEM_HIT from a49-44-95-71.deploy.akamaitechnologies.com (AkamaiGHost/11.2.4.2-51256590) (-)
X-True-Cache-Key: /L/itunes.apple.com/lookup vcd=2897 ci2=ParamName=ParamValue&isbn=9780316069359///
Connection: keep-alive
X-Apple-Partner: origin.0

{
    "resultCount": 1,
    "results": [
        {
            "fileSizeBytes": 4127662,
            "formattedPrice": "$9.99",
            "artistId": 2087642,
            "artistName": "Michael Connelly",
            "genres": [
                "Mysteries & Thrillers",
                "Books",
                "Police Procedural"
            ],
            "price": 9.99,
            "description": "<b>In this #1&#xa0;<i>New York Times</i>&#xa0;bestselling thriller, after taking on a foreclosure case, defense attorney Mickey Haller fights to prove his client’s innocence—but first he must follow a trail of black market evidence to its sinister end.</b> &#xa0;  Mickey Haller has fallen on tough times. He expands his business into foreclosure defense, only to see one of his clients accused of killing the banker she blames for trying to take away her home.<br /><br /> Mickey puts his team into high gear to exonerate Lisa Trammel, even though the evidence and his own suspicions tell him his client is guilty. Soon after he learns that the victim had black market dealings of his own, Haller is assaulted, too -- and he's certain he's on the right trail.<br /><br /> Despite the danger and uncertainty, Haller mounts the best defense of his career in a trial where the last surprise comes after the verdict is in. Connelly proves again why he \"may very well be the best novelist working in the United States today\" (<i>San Francisco Chronicle</i>).",
            "currency": "USD",
            "artistIds": [
                2087642
            ],
            "trackId": 395519191,
            "trackName": "The Fifth Witness",
            "releaseDate": "2011-04-05T07:00:00Z",
            "trackCensoredName": "The Fifth Witness",
            "artistViewUrl": "https://books.apple.com/us/artist/michael-connelly/2087642?uo=4",
            "trackViewUrl": "https://books.apple.com/us/book/the-fifth-witness/id395519191?uo=4",
            "artworkUrl60": "https://is1-ssl.mzstatic.com/image/thumb/Publication126/v4/de/df/4c/dedf4cde-adb4-7c3b-35d7-dda44ab83cf2/9780316069380.jpg/60x60bb.jpg",
            "artworkUrl100": "https://is1-ssl.mzstatic.com/image/thumb/Publication126/v4/de/df/4c/dedf4cde-adb4-7c3b-35d7-dda44ab83cf2/9780316069380.jpg/100x100bb.jpg",
            "genreIds": [
                "9032",
                "38",
                "10052"
            ],
            "kind": "ebook",
            "averageUserRating": 4.0,
            "userRatingCount": 2526
        }
    ]
}
  &amp#27;[32mThen &amp#27;[0m&amp#27;[32mvalidate LookupAPI response for &amp#27;[0m&amp#27;[32m&amp#27;[1m"resultCount"&amp#27;[0m&amp#27;[32m &amp#27;[0m&amp#27;[32m&amp#27;[1m"1"&amp#27;[0m        &amp#27;[90m# com.iTunes.stepdef.LookupApiStepDef.validateLookupApiResponse(java.lang.String,java.lang.String)&amp#27;[0m
]]></system-out>
  </testcase>
</testsuite>